[17:01:02] [main/INFO] ========================================
[17:01:02] [main/INFO] Minecraft: 1.20.1
[17:01:02] [main/INFO] Side: server
[17:01:02] [main/INFO] Development: false
[17:01:02] [main/INFO] Version: 12.1.725
[17:01:02] [main/INFO] Loader:
[17:01:02] [main/INFO] - Fabric: 0.16.0
[17:01:02] [main/INFO] - Fabric API: 0.92.2+1.20.1
[17:01:02] [main/INFO] Dependencies:
[17:01:02] [main/INFO] - Cloth Config: 11.1.118
[17:01:02] [main/INFO] - Architectury: 9.2.14
[17:01:02] [main/INFO] Mixin: 0.8.7
[17:01:02] [main/INFO] OS: Linux 6.5.0-1022-azure (amd64)
[17:01:02] [main/INFO] Java: 21.0.3 (Microsoft)
[17:01:02] [main/INFO] ========================================
[17:01:02] [main/INFO] Mods:
[17:01:02] [main/INFO] - adventurez: 1.4.20
[17:01:02] [main/INFO] - another_furniture: 1.20.1-3.0.1
[17:01:02] [main/INFO] - antique-atlas: 2.9.0+1.20
[17:01:02] [main/INFO] - architectury: 9.2.14
[17:01:02] [main/INFO] - athena: 3.1.1
[17:01:02] [main/INFO] - backported_wolves: 1.1.0-1.19.3-1.20.4
[17:01:02] [main/INFO] - betterdeserttemples: 1.20-Fabric-3.0.3
[17:01:02] [main/INFO] - betterdungeons: 1.20-Fabric-4.0.4
[17:01:02] [main/INFO] - betterendisland: 1.20-Fabric-2.0.6
[17:01:02] [main/INFO] - betterfortresses: 1.20-Fabric-2.0.6
[17:01:02] [main/INFO] - betterjungletemples: 1.20-Fabric-2.0.5
[17:01:02] [main/INFO] - bettermineshafts: 1.20-Fabric-4.0.4
[17:01:02] [main/INFO] - betteroceanmonuments: 1.20-Fabric-3.0.4
[17:01:02] [main/INFO] - betterstrongholds: 1.20-Fabric-4.0.3
[17:01:02] [main/INFO] - betterwitchhuts: 1.20-Fabric-3.0.3
[17:01:02] [main/INFO] - bosses_of_mass_destruction: 1.7.5-1.20.1
[17:01:02] [main/INFO] - c2me: 0.2.0+alpha.11.5
[17:01:02] [main/INFO] - c2me-base: 0.2.0+alpha.11.5
[17:01:02] [main/INFO] - c2me-fixes-chunkio-threading-issues: 0.2.0+alpha.11.5
[17:01:02] [main/INFO] - c2me-fixes-general-threading-issues: 0.2.0+alpha.11.5
[17:01:02] [main/INFO] - c2me-fixes-worldgen-threading-issues: 0.2.0+alpha.11.5
[17:01:02] [main/INFO] - c2me-fixes-worldgen-vanilla-bugs: 0.2.0+alpha.11.5
[17:01:02] [main/INFO] - c2me-notickvd: 0.2.0+alpha.11.5
[17:01:02] [main/INFO] - c2me-opts-allocs: 0.2.0+alpha.11.5
[17:01:02] [main/INFO] - c2me-opts-chunk-access: 0.2.0+alpha.11.5
[17:01:02] [main/INFO] - c2me-opts-chunkio: 0.2.0+alpha.11.5
[17:01:02] [main/INFO] - c2me-opts-math: 0.2.0+alpha.11.5
[17:01:02] [main/INFO] - c2me-opts-scheduling: 0.2.0+alpha.11.5
[17:01:02] [main/INFO] - c2me-opts-worldgen-general: 0.2.0+alpha.11.5
[17:01:02] [main/INFO] - c2me-opts-worldgen-vanilla: 0.2.0+alpha.11.5
[17:01:02] [main/INFO] - c2me-rewrites-chunk-serializer: 0.2.0+alpha.11.5
[17:01:02] [main/INFO] - c2me-rewrites-chunkio: 0.2.0+alpha.11.5
[17:01:02] [main/INFO] - c2me-server-utils: 0.2.0+alpha.11.5
[17:01:02] [main/INFO] - c2me-threading-chunkio: 0.2.0+alpha.11.5
[17:01:02] [main/INFO] - c2me-threading-lighting: 0.2.0+alpha.11.5
[17:01:02] [main/INFO] - c2me-threading-worldgen: 0.2.0+alpha.11.5
[17:01:02] [main/INFO] - cardinal-components: 5.2.2
[17:01:02] [main/INFO] - cardinal-components-base: 5.2.2
[17:01:02] [main/INFO] - cardinal-components-block: 5.2.2
[17:01:02] [main/INFO] - cardinal-components-chunk: 5.2.2
[17:01:02] [main/INFO] - cardinal-components-entity: 5.2.2
[17:01:02] [main/INFO] - cardinal-components-item: 5.2.2
[17:01:02] [main/INFO] - cardinal-components-level: 5.2.2
[17:01:02] [main/INFO] - cardinal-components-scoreboard: 5.2.2
[17:01:02] [main/INFO] - cardinal-components-world: 5.2.2
[17:01:02] [main/INFO] - chunkpregen: 0.3.3
[17:01:02] [main/INFO] - chunky: 1.3.146
[17:01:02] [main/INFO] - cicada: 0.8.0+1.20.1
[17:01:02] [main/INFO] - cloth-basic-math: 0.6.1
[17:01:02] [main/INFO] - cloth-config: 11.1.118
[17:01:02] [main/INFO] - cloth-config: 11.1.118
[17:01:02] [main/INFO] - collective: 7.61
[17:01:02] [main/INFO] - com_electronwill_night-config_core: 3.6.5
[17:01:02] [main/INFO] - com_electronwill_night-config_toml: 3.6.5
[17:01:02] [main/INFO] - com_eliotlash_mclib_mclib: 20
[17:01:02] [main/INFO] - com_ibm_async_asyncutil: 0.1.0
[17:01:02] [main/INFO] - com_teamresourceful_bytecodecs: 1.0.2
[17:01:02] [main/INFO] - com_teamresourceful_yabn: 1.0.3
[17:01:02] [main/INFO] - com_twelvemonkeys_common_common-image: 3.10.0
[17:01:02] [main/INFO] - com_twelvemonkeys_common_common-io: 3.10.0
[17:01:02] [main/INFO] - com_twelvemonkeys_common_common-lang: 3.10.0
[17:01:02] [main/INFO] - com_twelvemonkeys_imageio_imageio-core: 3.10.0
[17:01:02] [main/INFO] - com_twelvemonkeys_imageio_imageio-metadata: 3.10.0
[17:01:02] [main/INFO] - com_twelvemonkeys_imageio_imageio-webp: 3.10.0
[17:01:02] [main/INFO] - comforts: 6.3.5+1.20.1
[17:01:02] [main/INFO] - crab: 1.0.2
[17:01:02] [main/INFO] - creativecore: 2.11.30
[17:01:02] [main/INFO] - creeperoverhaul: 3.0.2
[17:01:02] [main/INFO] - customportalapi: 0.0.1-beta64-1.20
[17:01:02] [main/INFO] - deeperdarker: 1.2.6
[17:01:02] [main/INFO] - do_a_barrel_roll: 3.6.0+1.20.1
[17:01:02] [main/INFO] - doubledoors: 5.7
[17:01:02] [main/INFO] - dungeons_arise: 2.1.58
[17:01:02] [main/INFO] - dungeons_arise_seven_seas: 1.0.2
[17:01:02] [main/INFO] - easyanvils: 8.0.2
[17:01:02] [main/INFO] - easymagic: 8.0.1
[17:01:02] [main/INFO] - easyshulkerboxes: 8.0.2
[17:01:02] [main/INFO] - elytra_vanilla: 1.0.0
[17:01:02] [main/INFO] - entityculling: 1.6.6
[17:01:02] [main/INFO] - error_notifier: 1.0.9
[17:01:02] [main/INFO] - exposure: 1.6.0
[17:01:02] [main/INFO] - fabric-api: 0.92.2+1.20.1
[17:01:02] [main/INFO] - fabric-api: 0.92.2+1.20.1
[17:01:02] [main/INFO] - fabric-api-base: 0.4.31+1802ada577
[17:01:02] [main/INFO] - fabric-api-lookup-api-v1: 1.6.36+1802ada577
[17:01:02] [main/INFO] - fabric-biome-api-v1: 13.0.13+1802ada577
[17:01:02] [main/INFO] - fabric-block-api-v1: 1.0.11+1802ada577
[17:01:02] [main/INFO] - fabric-block-view-api-v2: 1.0.1+1802ada577
[17:01:02] [main/INFO] - fabric-command-api-v1: 1.2.34+f71b366f77
[17:01:02] [main/INFO] - fabric-command-api-v2: 2.2.13+1802ada577
[17:01:02] [main/INFO] - fabric-commands-v0: 0.2.51+df3654b377
[17:01:02] [main/INFO] - fabric-containers-v0: 0.1.64+df3654b377
[17:01:02] [main/INFO] - fabric-content-registries-v0: 4.0.11+1802ada577
[17:01:02] [main/INFO] - fabric-convention-tags-v1: 1.5.5+1802ada577
[17:01:02] [main/INFO] - fabric-crash-report-info-v1: 0.2.19+1802ada577
[17:01:02] [main/INFO] - fabric-data-attachment-api-v1: 1.0.0+de0fd6d177
[17:01:02] [main/INFO] - fabric-data-generation-api-v1: 12.3.4+1802ada577
[17:01:02] [main/INFO] - fabric-dimensions-v1: 2.1.54+1802ada577
[17:01:02] [main/INFO] - fabric-entity-events-v1: 1.6.0+1c78457f77
[17:01:02] [main/INFO] - fabric-events-interaction-v0: 0.6.2+1802ada577
[17:01:02] [main/INFO] - fabric-events-lifecycle-v0: 0.2.63+df3654b377
[17:01:02] [main/INFO] - fabric-game-rule-api-v1: 1.0.40+1802ada577
[17:01:02] [main/INFO] - fabric-item-api-v1: 2.1.28+1802ada577
[17:01:02] [main/INFO] - fabric-item-group-api-v1: 4.0.12+1802ada577
[17:01:02] [main/INFO] - fabric-language-kotlin: 1.11.0+kotlin.2.0.0
[17:01:02] [main/INFO] - fabric-lifecycle-events-v1: 2.2.22+1802ada577
[17:01:02] [main/INFO] - fabric-loot-api-v2: 1.2.1+1802ada577
[17:01:02] [main/INFO] - fabric-loot-tables-v1: 1.1.45+9e7660c677
[17:01:02] [main/INFO] - fabric-message-api-v1: 5.1.9+1802ada577
[17:01:02] [main/INFO] - fabric-mining-level-api-v1: 2.1.50+1802ada577
[17:01:02] [main/INFO] - fabric-networking-api-v1: 1.3.11+1802ada577
[17:01:02] [main/INFO] - fabric-networking-v0: 0.3.51+df3654b377
[17:01:02] [main/INFO] - fabric-object-builder-api-v1: 11.1.3+1802ada577
[17:01:02] [main/INFO] - fabric-particles-v1: 1.1.2+1802ada577
[17:01:02] [main/INFO] - fabric-permissions-api-v0: 0.2-SNAPSHOT
[17:01:02] [main/INFO] - fabric-recipe-api-v1: 1.0.21+1802ada577
[17:01:02] [main/INFO] - fabric-registry-sync-v0: 2.3.3+1802ada577
[17:01:02] [main/INFO] - fabric-rendering-data-attachment-v1: 0.3.37+92a0d36777
[17:01:02] [main/INFO] - fabric-rendering-fluids-v1: 3.0.28+1802ada577
[17:01:02] [main/INFO] - fabric-resource-conditions-api-v1: 2.3.8+1802ada577
[17:01:02] [main/INFO] - fabric-resource-loader-v0: 0.11.10+1802ada577
[17:01:02] [main/INFO] - fabric-screen-handler-api-v1: 1.3.30+1802ada577
[17:01:02] [main/INFO] - fabric-transfer-api-v1: 3.3.5+8dd72ea377
[17:01:02] [main/INFO] - fabric-transitive-access-wideners-v1: 4.3.1+1802ada577
[17:01:02] [main/INFO] - fabricloader: 0.16.0
[17:01:02] [main/INFO] - ferritecore: 6.0.0
[17:01:02] [main/INFO] - fiber: 0.23.0-2
[17:01:02] [main/INFO] - folk_sisby_kaleido-config: 0.3.1+1.3.1
[17:01:02] [main/INFO] - forgeconfigapiport: 8.0.0
[17:01:02] [main/INFO] - friendsandfoes: 2.0.10
[17:01:02] [main/INFO] - fusion: 1.1.1
[17:01:02] [main/INFO] - geckolib: 4.4.6
[17:01:02] [main/INFO] - globalpacks: 1.16.1_fabric
[17:01:02] [main/INFO] - guiclock: 4.4
[17:01:02] [main/INFO] - guicompass: 4.6
[17:01:02] [main/INFO] - hangglider: 8.0.1
[17:01:02] [main/INFO] - immersive_melodies: 0.2.0+1.20.1
[17:01:02] [main/INFO] - incendium: 5.3.5
[17:01:02] [main/INFO] - inventorymanagement: 1.3.1
[17:01:02] [main/INFO] - jamlib: 0.6.1+1.20.x
[17:01:02] [main/INFO] - java: 21
[17:01:02] [main/INFO] - konkrete: 1.8.1
[17:01:02] [main/INFO] - lazydfu: 0.1.3
[17:01:02] [main/INFO] - lib39-core: 1.5.0-experimental6.1+1.20.1
[17:01:02] [main/INFO] - lib39-dessicant: 1.5.0-experimental6.1+1.20.1
[17:01:02] [main/INFO] - lithium: 0.11.2
[17:01:02] [main/INFO] - maelstrom_library: 1.6.1-1.20
[17:01:02] [main/INFO] - melody: 1.0.3
[17:01:02] [main/INFO] - memoryleakfix: 1.1.5
[17:01:02] [main/INFO] - midnightlib: 1.4.1
[17:01:02] [main/INFO] - minecraft: 1.20.1
[17:01:02] [main/INFO] - mixinextras: 0.4.0
[17:01:02] [main/INFO] - mixinsquared: 0.1.1
[17:01:02] [main/INFO] - moonlight: 1.20-2.11.37
[17:01:02] [main/INFO] - morebows: 1.0.11+1.20.x
[17:01:02] [main/INFO] - mr_dungeons_andtaverns: 3.0.3.f
[17:01:02] [main/INFO] - multipart_entities: 1.5-1.20
[17:01:02] [main/INFO] - mysticaloaktree: 1.20-1.11
[17:01:02] [main/INFO] - net_minecraftforge_eventbus: 6.0.3
[17:01:02] [main/INFO] - net_objecthunter_exp4j: 0.4.8
[17:01:02] [main/INFO] - netherportalspread: 8.1
[17:01:02] [main/INFO] - niftycarts: 3.0.2+1.20.1
[17:01:02] [main/INFO] - noisium: 2.0.3+mc1.20-1.20.1
[17:01:02] [main/INFO] - notenoughcrashes: 4.4.7+1.20.1
[17:01:02] [main/INFO] - nullscape: 1.2.6
[17:01:02] [main/INFO] - nyfsspiders: 2.1.1
[17:01:02] [main/INFO] - org_javassist_javassist: 3.29.2-GA
[17:01:02] [main/INFO] - org_jetbrains_kotlin_kotlin-reflect: 2.0.0
[17:01:02] [main/INFO] - org_jetbrains_kotlin_kotlin-stdlib: 2.0.0
[17:01:02] [main/INFO] - org_jetbrains_kotlin_kotlin-stdlib-jdk7: 2.0.0
[17:01:02] [main/INFO] - org_jetbrains_kotlin_kotlin-stdlib-jdk8: 2.0.0
[17:01:02] [main/INFO] - org_jetbrains_kotlinx_atomicfu-jvm: 0.24.0
[17:01:02] [main/INFO] - org_jetbrains_kotlinx_kotlinx-coroutines-core-jvm: 1.8.1
[17:01:02] [main/INFO] - org_jetbrains_kotlinx_kotlinx-coroutines-jdk8: 1.8.1
[17:01:02] [main/INFO] - org_jetbrains_kotlinx_kotlinx-datetime-jvm: 0.6.0
[17:01:02] [main/INFO] - org_jetbrains_kotlinx_kotlinx-serialization-cbor-jvm: 1.6.3
[17:01:02] [main/INFO] - org_jetbrains_kotlinx_kotlinx-serialization-core-jvm: 1.6.3
[17:01:02] [main/INFO] - org_jetbrains_kotlinx_kotlinx-serialization-json-jvm: 1.6.3
[17:01:02] [main/INFO] - org_quiltmc_parsers_gson: 0.2.1
[17:01:02] [main/INFO] - org_quiltmc_parsers_json: 0.2.1
[17:01:02] [main/INFO] - org_reflections_reflections: 0.10.2
[17:01:02] [main/INFO] - org_threadly_threadly: 7.0
[17:01:02] [main/INFO] - patchouli: 1.20.1-84-FABRIC
[17:01:02] [main/INFO] - pickupnotifier: 8.0.0
[17:01:02] [main/INFO] - plushies: 1.4.0
[17:01:02] [main/INFO] - polymer-registry-sync-manipulator: 0.5.0+1.20
[17:01:02] [main/INFO] - puzzlesaccessapi: 8.0.9
[17:01:02] [main/INFO] - puzzlesapi: 8.1.6
[17:01:02] [main/INFO] - puzzleslib: 8.1.20
[17:01:02] [main/INFO] - radiantgear: 2.1.6+1.20.1
[17:01:02] [main/INFO] - resourcefulconfig: 2.1.2
[17:01:02] [main/INFO] - resourcefullib: 2.1.25
[17:01:02] [main/INFO] - ribbits: 1.20.1-Fabric-3.0.0
[17:01:02] [main/INFO] - rightclickharvest: 3.2.3+1.19.x-1.20.1-fabric
[17:01:02] [main/INFO] - roughlyenoughitems: 12.1.725
[17:01:02] [main/INFO] - sawmill: 1.20-1.4.2
[17:01:02] [main/INFO] - scout: 2.0.4+1.20.1
[17:01:02] [main/INFO] - simplyswords: 1.55.0-1.20.1
[17:01:02] [main/INFO] - smartbrainlib: 1.14
[17:01:02] [main/INFO] - snuffles: 1.0.0+1.20
[17:01:02] [main/INFO] - sound_physics_remastered: 1.20.1-1.1.2
[17:01:02] [main/INFO] - spectrelib: 0.13.15+1.20.1
[17:01:02] [main/INFO] - supermartijn642corelib: 1.1.17
[17:01:02] [main/INFO] - surveyor: 0.5.0+1.20
[17:01:02] [main/INFO] - tectonic: 2.3.5b
[17:01:02] [main/INFO] - terralith: 2.5.1
[17:01:02] [main/INFO] - the_bumblezone: 7.4.3+1.20.1-fabric
[17:01:02] [main/INFO] - tool_trims: 2.1.2
[17:01:02] [main/INFO] - torchesntrinkets: 0.1-1.20.1
[17:01:02] [main/INFO] - trimeffects: 1.1.1-fabric
[17:01:02] [main/INFO] - trinkets: 3.7.2
[17:01:02] [main/INFO] - ultris_mr: 5.6.9c
[17:01:02] [main/INFO] - vcinteraction: 1.20.1-1.0.6
[17:01:02] [main/INFO] - villagesandpillages: 1.0.0
[17:01:02] [main/INFO] - voicechat: 1.20.1-2.5.16
[17:01:02] [main/INFO] - waveycapes: 1.4.7
[17:01:02] [main/INFO] - weaponmaster: 3.0.5
[17:01:02] [main/INFO] - wolf_port: 1.0.3-1.20.1
[17:01:02] [main/INFO] - yet_another_config_lib_v3: 3.5.0+1.20.1-fabric
[17:01:02] [main/INFO] - yungsapi: 1.20-Fabric-4.0.5
[17:01:02] [main/INFO] - yungsbridges: 1.20-Fabric-4.0.3
[17:01:02] [main/INFO] - yungsextras: 1.20-Fabric-4.0.3
[17:01:02] [main/INFO] ========================================
[17:01:02] [main/INFO] [REI] Registered plugin provider DefaultPlugin [roughlyenoughitems] for REIPlugin
[17:01:02] [main/INFO] [REI] Registered plugin provider DefaultRuntimePlugin [roughlyenoughitems] for REIPlugin
[17:01:02] [main/INFO] [REI] Registered plugin provider DefaultPlugin [roughlyenoughitems] for REIServerPlugin
[17:01:02] [main/INFO] [REI] Registered plugin provider DefaultRuntimePlugin [roughlyenoughitems] for REIServerPlugin
[17:01:02] [main/INFO] [REI] Registered plugin provider FabricFluidAPISupportPlugin for REIServerPlugin
[17:01:02] [main/INFO] [REI] Registered plugin provider FabricFluidAPISupportPlugin for REIPlugin
[17:01:07] [Worker-Main-2/DEBUG] [REI] Processed 3 tags in 685.8 μs for minecraft:instrument
[17:01:07] [Worker-Main-3/DEBUG] [REI] Processed 2 tags in 689.8 μs for minecraft:cat_variant
[17:01:07] [Worker-Main-1/DEBUG] [REI] Processed 0 tags in 13.78 μs for minecraft:damage_type
[17:01:07] [Worker-Main-1/DEBUG] [REI] Processed 1 tags in 51.85 μs for minecraft:painting_variant
[17:01:07] [Worker-Main-2/DEBUG] [REI] Processed 15 tags in 69.24 μs for minecraft:fluid
[17:01:07] [Worker-Main-2/DEBUG] [REI] Processed 0 tags in 3.727 μs for minecraft:worldgen/density_function
[17:01:07] [Worker-Main-3/DEBUG] [REI] Processed 0 tags in 29.79 μs for minecraft:worldgen/structure
[17:01:07] [Worker-Main-2/DEBUG] [REI] Processed 0 tags in 4.207 μs for minecraft:worldgen/structure_set
[17:01:07] [Worker-Main-2/DEBUG] [REI] Processed 0 tags in 4.068 μs for minecraft:worldgen/world_preset
[17:01:07] [Worker-Main-3/DEBUG] [REI] Processed 1 tags in 42.38 μs for minecraft:sound_event
[17:01:07] [Worker-Main-3/DEBUG] [REI] Processed 15 tags in 65.64 μs for minecraft:banner_pattern
[17:01:07] [Worker-Main-3/DEBUG] [REI] Processed 5 tags in 46.39 μs for minecraft:point_of_interest_type
[17:01:07] [Worker-Main-3/DEBUG] [REI] Processed 0 tags in 4.889 μs for minecraft:worldgen/placed_feature
[17:01:07] [Worker-Main-3/DEBUG] [REI] Processed 1 tags in 34.36 μs for minecraft:recipe_type
[17:01:07] [Worker-Main-3/DEBUG] [REI] Processed 5 tags in 90.56 μs for minecraft:game_event
[17:01:07] [Worker-Main-3/DEBUG] [REI] Processed 7 tags in 35.47 μs for minecraft:enchantment
[17:01:07] [Worker-Main-1/DEBUG] [REI] Processed 0 tags in 197.8 μs for minecraft:worldgen/biome
[17:01:07] [Worker-Main-2/DEBUG] [REI] Processed 393 tags in 5.656 ms for minecraft:item
[17:01:07] [Worker-Main-2/DEBUG] [REI] Processed 1 tags in 28.43 μs for minecraft:recipe_serializer
[17:01:07] [Worker-Main-2/DEBUG] [REI] Processed 0 tags in 5.019 μs for minecraft:worldgen/flat_level_generator_preset
[17:01:07] [Worker-Main-2/DEBUG] [REI] Processed 7 tags in 25.15 μs for minecraft:mob_effect
[17:01:07] [Worker-Main-1/DEBUG] [REI] Processed 111 tags in 459.8 μs for minecraft:entity_type
[17:01:07] [Worker-Main-3/DEBUG] [REI] Processed 402 tags in 2.272 ms for minecraft:block
[17:01:11] [main/DEBUG] [REI] ========================================
[17:01:11] [main/DEBUG] [REI] REIPlugin starting pre-reload for START.
[17:01:11] [main/DEBUG] [REI] Reloadables (7):
[17:01:11] [main/DEBUG] [REI]  - EntryTypeRegistryImpl
[17:01:11] [main/DEBUG] [REI]  - EntrySettingsAdapterRegistryImpl
[17:01:11] [main/DEBUG] [REI]  - RecipeManagerContextImpl
[17:01:11] [main/DEBUG] [REI]  - ItemComparatorRegistryImpl
[17:01:11] [main/DEBUG] [REI]  - FluidComparatorRegistryImpl
[17:01:11] [main/DEBUG] [REI]  - DisplaySerializerRegistryImpl
[17:01:11] [main/DEBUG] [REI]  - FluidSupportProviderImpl
[17:01:11] [main/DEBUG] [REI] Plugins (3):
[17:01:11] [main/DEBUG] [REI]  - (-100.00) DefaultPlugin of DefaultPlugin [roughlyenoughitems]
[17:01:11] [main/DEBUG] [REI]  - (0.00) FabricFluidAPISupportPlugin
[17:01:11] [main/DEBUG] [REI]  - (0.00) DefaultRuntimePlugin of DefaultRuntimePlugin [roughlyenoughitems]
[17:01:11] [main/DEBUG] [REI] ========================================
[17:01:11] [main/TRACE] [REI] [REIPlugin START] Reloading Section: "pre-register/"
[17:01:11] [main/TRACE] [REI] [REIPlugin START] Reloading Section: "pre-register/DefaultPlugin of DefaultPlugin [roughlyenoughitems]/"
[17:01:11] [main/TRACE] [REI] [REIPlugin START] Reloading Section: "pre-register/DefaultPlugin of DefaultPlugin [roughlyenoughitems]/" done in 1.376 ms
[17:01:11] [main/TRACE] [REI] [REIPlugin START] Reloading Section: "pre-register/FabricFluidAPISupportPlugin/"
[17:01:11] [main/TRACE] [REI] [REIPlugin START] Reloading Section: "pre-register/FabricFluidAPISupportPlugin/" done in 26.64 μs
[17:01:11] [main/TRACE] [REI] [REIPlugin START] Reloading Section: "pre-register/DefaultRuntimePlugin of DefaultRuntimePlugin [roughlyenoughitems]/"
[17:01:11] [main/TRACE] [REI] [REIPlugin START] Reloading Section: "pre-register/DefaultRuntimePlugin of DefaultRuntimePlugin [roughlyenoughitems]/" done in 11.65 μs
[17:01:11] [main/TRACE] [REI] [REIPlugin START] Reloading Section: "pre-register/" done in 18.90 ms
[17:01:11] [main/TRACE] [REI] [REIPlugin START] Reloading Section: "pre-stage/"
[17:01:11] [main/TRACE] [REI] [REIPlugin START] Reloading Section: "pre-stage/EntryTypeRegistryImpl/"
[17:01:11] [main/TRACE] [REI] [REIPlugin START] Reloading Section: "pre-stage/EntryTypeRegistryImpl/" done in 247.6 μs
[17:01:11] [main/TRACE] [REI] [REIPlugin START] Reloading Section: "pre-stage/EntrySettingsAdapterRegistryImpl/"
[17:01:11] [main/TRACE] [REI] [REIPlugin START] Reloading Section: "pre-stage/EntrySettingsAdapterRegistryImpl/" done in 7.925 μs
[17:01:11] [main/TRACE] [REI] [REIPlugin START] Reloading Section: "pre-stage/RecipeManagerContextImpl/"
[17:01:11] [main/TRACE] [REI] [REIPlugin START] Reloading Section: "pre-stage/RecipeManagerContextImpl/" done in 7.003 μs
[17:01:11] [main/TRACE] [REI] [REIPlugin START] Reloading Section: "pre-stage/ItemComparatorRegistryImpl/"
[17:01:11] [main/TRACE] [REI] [REIPlugin START] Reloading Section: "pre-stage/ItemComparatorRegistryImpl/" done in 8.697 μs
[17:01:11] [main/TRACE] [REI] [REIPlugin START] Reloading Section: "pre-stage/FluidComparatorRegistryImpl/"
[17:01:11] [main/TRACE] [REI] [REIPlugin START] Reloading Section: "pre-stage/FluidComparatorRegistryImpl/" done in 6.773 μs
[17:01:11] [main/TRACE] [REI] [REIPlugin START] Reloading Section: "pre-stage/DisplaySerializerRegistryImpl/"
[17:01:11] [main/TRACE] [REI] [REIPlugin START] Reloading Section: "pre-stage/DisplaySerializerRegistryImpl/" done in 10.65 μs
[17:01:11] [main/TRACE] [REI] [REIPlugin START] Reloading Section: "pre-stage/FluidSupportProviderImpl/"
[17:01:11] [main/TRACE] [REI] [REIPlugin START] Reloading Section: "pre-stage/FluidSupportProviderImpl/" done in 8.326 μs
[17:01:11] [main/TRACE] [REI] [REIPlugin START] Reloading Section: "pre-stage/" done in 1.835 ms
[17:01:11] [main/DEBUG] [REI] ========================================
[17:01:11] [main/DEBUG] [REI] REIPlugin finished pre-reload for START in 22.31 ms.
[17:01:11] [main/DEBUG] [REI] ========================================
[17:01:11] [main/DEBUG] [REI] ========================================
[17:01:11] [main/DEBUG] [REI] REIServerPlugin starting pre-reload for START.
[17:01:11] [main/DEBUG] [REI] Reloadables (2):
[17:01:11] [main/DEBUG] [REI]  - MenuInfoRegistryImpl
[17:01:11] [main/DEBUG] [REI]  - SlotAccessorRegistryImpl
[17:01:11] [main/DEBUG] [REI] Plugins (3):
[17:01:11] [main/DEBUG] [REI]  - (-100.00) DefaultPlugin of DefaultPlugin [roughlyenoughitems]
[17:01:11] [main/DEBUG] [REI]  - (0.00) FabricFluidAPISupportPlugin
[17:01:11] [main/DEBUG] [REI]  - (0.00) DefaultRuntimePlugin of DefaultRuntimePlugin [roughlyenoughitems]
[17:01:11] [main/DEBUG] [REI] ========================================
[17:01:11] [main/TRACE] [REI] [REIServerPlugin START] Reloading Section: "pre-register/"
[17:01:11] [main/TRACE] [REI] [REIServerPlugin START] Reloading Section: "pre-register/DefaultPlugin of DefaultPlugin [roughlyenoughitems]/"
[17:01:11] [main/TRACE] [REI] [REIServerPlugin START] Reloading Section: "pre-register/DefaultPlugin of DefaultPlugin [roughlyenoughitems]/" done in 28.48 μs
[17:01:11] [main/TRACE] [REI] [REIServerPlugin START] Reloading Section: "pre-register/FabricFluidAPISupportPlugin/"
[17:01:11] [main/TRACE] [REI] [REIServerPlugin START] Reloading Section: "pre-register/FabricFluidAPISupportPlugin/" done in 16.49 μs
[17:01:11] [main/TRACE] [REI] [REIServerPlugin START] Reloading Section: "pre-register/DefaultRuntimePlugin of DefaultRuntimePlugin [roughlyenoughitems]/"
[17:01:11] [main/TRACE] [REI] [REIServerPlugin START] Reloading Section: "pre-register/DefaultRuntimePlugin of DefaultRuntimePlugin [roughlyenoughitems]/" done in 9.337 μs
[17:01:11] [main/TRACE] [REI] [REIServerPlugin START] Reloading Section: "pre-register/" done in 655.3 μs
[17:01:11] [main/TRACE] [REI] [REIServerPlugin START] Reloading Section: "pre-stage/"
[17:01:11] [main/TRACE] [REI] [REIServerPlugin START] Reloading Section: "pre-stage/MenuInfoRegistryImpl/"
[17:01:11] [main/TRACE] [REI] [REIServerPlugin START] Reloading Section: "pre-stage/MenuInfoRegistryImpl/" done in 7.494 μs
[17:01:11] [main/TRACE] [REI] [REIServerPlugin START] Reloading Section: "pre-stage/SlotAccessorRegistryImpl/"
[17:01:11] [main/TRACE] [REI] [REIServerPlugin START] Reloading Section: "pre-stage/SlotAccessorRegistryImpl/" done in 7.163 μs
[17:01:11] [main/TRACE] [REI] [REIServerPlugin START] Reloading Section: "pre-stage/" done in 341.0 μs
[17:01:11] [main/DEBUG] [REI] ========================================
[17:01:11] [main/DEBUG] [REI] REIServerPlugin finished pre-reload for START in 1.352 ms.
[17:01:11] [main/DEBUG] [REI] ========================================
[17:01:11] [main/INFO] [REI] ****************************************
[17:01:11] [main/INFO] [REI] REIPlugin starting main-reload for START.
[17:01:11] [main/DEBUG] [REI] Reloadables (7):
[17:01:11] [main/DEBUG] [REI]  - EntryTypeRegistryImpl
[17:01:11] [main/DEBUG] [REI]  - EntrySettingsAdapterRegistryImpl
[17:01:11] [main/DEBUG] [REI]  - RecipeManagerContextImpl
[17:01:11] [main/DEBUG] [REI]  - ItemComparatorRegistryImpl
[17:01:11] [main/DEBUG] [REI]  - FluidComparatorRegistryImpl
[17:01:11] [main/DEBUG] [REI]  - DisplaySerializerRegistryImpl
[17:01:11] [main/DEBUG] [REI]  - FluidSupportProviderImpl
[17:01:11] [main/INFO] [REI] Plugins (3):
[17:01:11] [main/INFO] [REI]  - (-100.00) DefaultPlugin of DefaultPlugin [roughlyenoughitems]
[17:01:11] [main/INFO] [REI]  - (0.00) FabricFluidAPISupportPlugin
[17:01:11] [main/INFO] [REI]  - (0.00) DefaultRuntimePlugin of DefaultRuntimePlugin [roughlyenoughitems]
[17:01:11] [main/INFO] [REI] ****************************************
[17:01:11] [main/TRACE] [REI] [REIPlugin START] Reloading Section: "start-reload/"
[17:01:11] [main/TRACE] [REI] [REIPlugin START] Reloading Section: "start-reload/EntryTypeRegistryImpl/"
[17:01:11] [main/TRACE] [REI] [REIPlugin START] Reloading Section: "start-reload/EntryTypeRegistryImpl/" done in 60.08 μs
[17:01:11] [main/TRACE] [REI] [REIPlugin START] Reloading Section: "start-reload/EntrySettingsAdapterRegistryImpl/"
[17:01:11] [main/TRACE] [REI] [REIPlugin START] Reloading Section: "start-reload/EntrySettingsAdapterRegistryImpl/" done in 12.94 μs
[17:01:11] [main/TRACE] [REI] [REIPlugin START] Reloading Section: "start-reload/RecipeManagerContextImpl/"
[17:01:11] [main/TRACE] [REI] [REIPlugin START] Reloading Section: "start-reload/RecipeManagerContextImpl/" done in 7.064 μs
[17:01:11] [main/TRACE] [REI] [REIPlugin START] Reloading Section: "start-reload/ItemComparatorRegistryImpl/"
[17:01:11] [main/TRACE] [REI] [REIPlugin START] Reloading Section: "start-reload/ItemComparatorRegistryImpl/" done in 40.10 μs
[17:01:11] [main/TRACE] [REI] [REIPlugin START] Reloading Section: "start-reload/FluidComparatorRegistryImpl/"
[17:01:11] [main/TRACE] [REI] [REIPlugin START] Reloading Section: "start-reload/FluidComparatorRegistryImpl/" done in 10.07 μs
[17:01:11] [main/TRACE] [REI] [REIPlugin START] Reloading Section: "start-reload/DisplaySerializerRegistryImpl/"
[17:01:11] [main/TRACE] [REI] [REIPlugin START] Reloading Section: "start-reload/DisplaySerializerRegistryImpl/" done in 6.562 μs
[17:01:11] [main/TRACE] [REI] [REIPlugin START] Reloading Section: "start-reload/FluidSupportProviderImpl/"
[17:01:11] [main/TRACE] [REI] [REIPlugin START] Reloading Section: "start-reload/FluidSupportProviderImpl/" done in 40.62 μs
[17:01:11] [main/TRACE] [REI] [REIPlugin START] Reloading Section: "start-reload/" done in 1.384 ms
[17:01:11] [main/DEBUG] [REI] ========================================
[17:01:11] [main/DEBUG] [REI] REIPlugin started main-reload for START.
[17:01:11] [main/DEBUG] [REI] ========================================
[17:01:11] [main/TRACE] [REI] [REIPlugin START] Reloading Section: "reloadable-plugin/EntryTypeRegistryImpl/"
[17:01:11] [main/TRACE] [REI] [REIPlugin START] Reloading Section: "reloadable-plugin/EntryTypeRegistryImpl/DefaultPlugin of DefaultPlugin [roughlyenoughitems]/"
[17:01:11] [main/TRACE] [REI] [REIPlugin START] Reloading Section: "reloadable-plugin/EntryTypeRegistryImpl/DefaultPlugin of DefaultPlugin [roughlyenoughitems]/" done in 285.8 μs
[17:01:11] [main/TRACE] [REI] [REIPlugin START] Reloading Section: "reloadable-plugin/EntryTypeRegistryImpl/FabricFluidAPISupportPlugin/"
[17:01:11] [main/TRACE] [REI] [REIPlugin START] Reloading Section: "reloadable-plugin/EntryTypeRegistryImpl/FabricFluidAPISupportPlugin/" done in 14.30 μs
[17:01:11] [main/TRACE] [REI] [REIPlugin START] Reloading Section: "reloadable-plugin/EntryTypeRegistryImpl/DefaultRuntimePlugin of DefaultRuntimePlugin [roughlyenoughitems]/"
[17:01:11] [main/TRACE] [REI] [REIPlugin START] Reloading Section: "reloadable-plugin/EntryTypeRegistryImpl/DefaultRuntimePlugin of DefaultRuntimePlugin [roughlyenoughitems]/" done in 10.77 ms
[17:01:11] [main/TRACE] [REI] [REIPlugin START] Reloading Section: "reloadable-plugin/EntryTypeRegistryImpl/" done in 12.36 ms
[17:01:11] [main/TRACE] [REI] [REIPlugin START] Reloading Section: "reloadable-plugin/EntrySettingsAdapterRegistryImpl/"
[17:01:11] [main/TRACE] [REI] [REIPlugin START] Reloading Section: "reloadable-plugin/EntrySettingsAdapterRegistryImpl/DefaultPlugin of DefaultPlugin [roughlyenoughitems]/"
[17:01:11] [main/TRACE] [REI] [REIPlugin START] Reloading Section: "reloadable-plugin/EntrySettingsAdapterRegistryImpl/DefaultPlugin of DefaultPlugin [roughlyenoughitems]/" done in 17.71 μs
[17:01:11] [main/TRACE] [REI] [REIPlugin START] Reloading Section: "reloadable-plugin/EntrySettingsAdapterRegistryImpl/FabricFluidAPISupportPlugin/"
[17:01:11] [main/TRACE] [REI] [REIPlugin START] Reloading Section: "reloadable-plugin/EntrySettingsAdapterRegistryImpl/FabricFluidAPISupportPlugin/" done in 19.23 μs
[17:01:11] [main/TRACE] [REI] [REIPlugin START] Reloading Section: "reloadable-plugin/EntrySettingsAdapterRegistryImpl/DefaultRuntimePlugin of DefaultRuntimePlugin [roughlyenoughitems]/"
[17:01:11] [main/TRACE] [REI] [REIPlugin START] Reloading Section: "reloadable-plugin/EntrySettingsAdapterRegistryImpl/DefaultRuntimePlugin of DefaultRuntimePlugin [roughlyenoughitems]/" done in 13.52 μs
[17:01:11] [main/TRACE] [REI] [REIPlugin START] Reloading Section: "reloadable-plugin/EntrySettingsAdapterRegistryImpl/" done in 5.031 ms
[17:01:11] [main/TRACE] [REI] [REIPlugin START] Reloading Section: "reloadable-plugin/RecipeManagerContextImpl/"
[17:01:11] [main/TRACE] [REI] [REIPlugin START] Reloading Section: "reloadable-plugin/RecipeManagerContextImpl/DefaultPlugin of DefaultPlugin [roughlyenoughitems]/"
[17:01:11] [main/TRACE] [REI] [REIPlugin START] Reloading Section: "reloadable-plugin/RecipeManagerContextImpl/DefaultPlugin of DefaultPlugin [roughlyenoughitems]/" done in 11.46 μs
[17:01:11] [main/TRACE] [REI] [REIPlugin START] Reloading Section: "reloadable-plugin/RecipeManagerContextImpl/FabricFluidAPISupportPlugin/"
[17:01:11] [main/TRACE] [REI] [REIPlugin START] Reloading Section: "reloadable-plugin/RecipeManagerContextImpl/FabricFluidAPISupportPlugin/" done in 23.76 μs
[17:01:11] [main/TRACE] [REI] [REIPlugin START] Reloading Section: "reloadable-plugin/RecipeManagerContextImpl/DefaultRuntimePlugin of DefaultRuntimePlugin [roughlyenoughitems]/"
[17:01:11] [main/TRACE] [REI] [REIPlugin START] Reloading Section: "reloadable-plugin/RecipeManagerContextImpl/DefaultRuntimePlugin of DefaultRuntimePlugin [roughlyenoughitems]/" done in 11.51 μs
[17:01:11] [main/TRACE] [REI] [REIPlugin START] Reloading Section: "reloadable-plugin/RecipeManagerContextImpl/" done in 426.7 μs
[17:01:11] [main/TRACE] [REI] [REIPlugin START] Reloading Section: "reloadable-plugin/ItemComparatorRegistryImpl/"
[17:01:11] [main/TRACE] [REI] [REIPlugin START] Reloading Section: "reloadable-plugin/ItemComparatorRegistryImpl/DefaultPlugin of DefaultPlugin [roughlyenoughitems]/"
[17:01:11] [main/TRACE] [REI] [REIPlugin START] Reloading Section: "reloadable-plugin/ItemComparatorRegistryImpl/DefaultPlugin of DefaultPlugin [roughlyenoughitems]/" done in 1.282 ms
[17:01:11] [main/TRACE] [REI] [REIPlugin START] Reloading Section: "reloadable-plugin/ItemComparatorRegistryImpl/FabricFluidAPISupportPlugin/"
[17:01:11] [main/TRACE] [REI] [REIPlugin START] Reloading Section: "reloadable-plugin/ItemComparatorRegistryImpl/FabricFluidAPISupportPlugin/" done in 18.14 μs
[17:01:11] [main/TRACE] [REI] [REIPlugin START] Reloading Section: "reloadable-plugin/ItemComparatorRegistryImpl/DefaultRuntimePlugin of DefaultRuntimePlugin [roughlyenoughitems]/"
[17:01:11] [main/TRACE] [REI] [REIPlugin START] Reloading Section: "reloadable-plugin/ItemComparatorRegistryImpl/DefaultRuntimePlugin of DefaultRuntimePlugin [roughlyenoughitems]/" done in 15.25 μs
[17:01:11] [main/TRACE] [REI] [REIPlugin START] Reloading Section: "reloadable-plugin/ItemComparatorRegistryImpl/" done in 1.878 ms
[17:01:11] [main/TRACE] [REI] [REIPlugin START] Reloading Section: "reloadable-plugin/FluidComparatorRegistryImpl/"
[17:01:11] [main/TRACE] [REI] [REIPlugin START] Reloading Section: "reloadable-plugin/FluidComparatorRegistryImpl/DefaultPlugin of DefaultPlugin [roughlyenoughitems]/"
[17:01:11] [main/TRACE] [REI] [REIPlugin START] Reloading Section: "reloadable-plugin/FluidComparatorRegistryImpl/DefaultPlugin of DefaultPlugin [roughlyenoughitems]/" done in 23.33 μs
[17:01:11] [main/TRACE] [REI] [REIPlugin START] Reloading Section: "reloadable-plugin/FluidComparatorRegistryImpl/FabricFluidAPISupportPlugin/"
[17:01:11] [main/TRACE] [REI] [REIPlugin START] Reloading Section: "reloadable-plugin/FluidComparatorRegistryImpl/FabricFluidAPISupportPlugin/" done in 14.38 μs
[17:01:11] [main/TRACE] [REI] [REIPlugin START] Reloading Section: "reloadable-plugin/FluidComparatorRegistryImpl/DefaultRuntimePlugin of DefaultRuntimePlugin [roughlyenoughitems]/"
[17:01:11] [main/TRACE] [REI] [REIPlugin START] Reloading Section: "reloadable-plugin/FluidComparatorRegistryImpl/DefaultRuntimePlugin of DefaultRuntimePlugin [roughlyenoughitems]/" done in 13.47 μs
[17:01:11] [main/TRACE] [REI] [REIPlugin START] Reloading Section: "reloadable-plugin/FluidComparatorRegistryImpl/" done in 556.9 μs
[17:01:11] [main/TRACE] [REI] [REIPlugin START] Reloading Section: "reloadable-plugin/DisplaySerializerRegistryImpl/"
[17:01:11] [main/TRACE] [REI] [REIPlugin START] Reloading Section: "reloadable-plugin/DisplaySerializerRegistryImpl/DefaultPlugin of DefaultPlugin [roughlyenoughitems]/"
[17:01:11] [main/TRACE] [REI] [REIPlugin START] Reloading Section: "reloadable-plugin/DisplaySerializerRegistryImpl/DefaultPlugin of DefaultPlugin [roughlyenoughitems]/" done in 10.08 μs
[17:01:11] [main/TRACE] [REI] [REIPlugin START] Reloading Section: "reloadable-plugin/DisplaySerializerRegistryImpl/FabricFluidAPISupportPlugin/"
[17:01:11] [main/TRACE] [REI] [REIPlugin START] Reloading Section: "reloadable-plugin/DisplaySerializerRegistryImpl/FabricFluidAPISupportPlugin/" done in 9.027 μs
[17:01:11] [main/TRACE] [REI] [REIPlugin START] Reloading Section: "reloadable-plugin/DisplaySerializerRegistryImpl/DefaultRuntimePlugin of DefaultRuntimePlugin [roughlyenoughitems]/"
[17:01:11] [main/TRACE] [REI] [REIPlugin START] Reloading Section: "reloadable-plugin/DisplaySerializerRegistryImpl/DefaultRuntimePlugin of DefaultRuntimePlugin [roughlyenoughitems]/" done in 9.578 μs
[17:01:11] [main/TRACE] [REI] [REIPlugin START] Reloading Section: "reloadable-plugin/DisplaySerializerRegistryImpl/" done in 352.7 μs
[17:01:11] [main/TRACE] [REI] [REIPlugin START] Reloading Section: "reloadable-plugin/FluidSupportProviderImpl/"
[17:01:11] [main/TRACE] [REI] [REIPlugin START] Reloading Section: "reloadable-plugin/FluidSupportProviderImpl/DefaultPlugin of DefaultPlugin [roughlyenoughitems]/"
[17:01:11] [main/TRACE] [REI] [REIPlugin START] Reloading Section: "reloadable-plugin/FluidSupportProviderImpl/DefaultPlugin of DefaultPlugin [roughlyenoughitems]/" done in 486.6 μs
[17:01:11] [main/TRACE] [REI] [REIPlugin START] Reloading Section: "reloadable-plugin/FluidSupportProviderImpl/FabricFluidAPISupportPlugin/"
[17:01:11] [main/TRACE] [REI] [REIPlugin START] Reloading Section: "reloadable-plugin/FluidSupportProviderImpl/FabricFluidAPISupportPlugin/" done in 127.2 μs
[17:01:11] [main/TRACE] [REI] [REIPlugin START] Reloading Section: "reloadable-plugin/FluidSupportProviderImpl/DefaultRuntimePlugin of DefaultRuntimePlugin [roughlyenoughitems]/"
[17:01:11] [main/TRACE] [REI] [REIPlugin START] Reloading Section: "reloadable-plugin/FluidSupportProviderImpl/DefaultRuntimePlugin of DefaultRuntimePlugin [roughlyenoughitems]/" done in 18.68 μs
[17:01:11] [main/TRACE] [REI] [REIPlugin START] Reloading Section: "reloadable-plugin/FluidSupportProviderImpl/" done in 1.338 ms
[17:01:11] [main/DEBUG] [REI] ========================================
[17:01:11] [main/DEBUG] [REI] REIPlugin ending main-reload for START.
[17:01:11] [main/DEBUG] [REI] ========================================
[17:01:11] [main/TRACE] [REI] [REIPlugin START] Reloading Section: "end-reload/"
[17:01:11] [main/TRACE] [REI] [REIPlugin START] Reloading Section: "end-reload/EntryTypeRegistryImpl/"
[17:01:11] [main/TRACE] [REI] [REIPlugin START] Reloading Section: "end-reload/EntryTypeRegistryImpl/" done in 13.79 μs
[17:01:11] [main/TRACE] [REI] [REIPlugin START] Reloading Section: "end-reload/EntrySettingsAdapterRegistryImpl/"
[17:01:11] [main/TRACE] [REI] [REIPlugin START] Reloading Section: "end-reload/EntrySettingsAdapterRegistryImpl/" done in 9.007 μs
[17:01:11] [main/TRACE] [REI] [REIPlugin START] Reloading Section: "end-reload/RecipeManagerContextImpl/"
[17:01:11] [main/TRACE] [REI] [REIPlugin START] Reloading Section: "end-reload/RecipeManagerContextImpl/" done in 7.934 μs
[17:01:11] [main/TRACE] [REI] [REIPlugin START] Reloading Section: "end-reload/ItemComparatorRegistryImpl/"
[17:01:11] [main/TRACE] [REI] [REIPlugin START] Reloading Section: "end-reload/ItemComparatorRegistryImpl/" done in 7.645 μs
[17:01:11] [main/TRACE] [REI] [REIPlugin START] Reloading Section: "end-reload/FluidComparatorRegistryImpl/"
[17:01:11] [main/TRACE] [REI] [REIPlugin START] Reloading Section: "end-reload/FluidComparatorRegistryImpl/" done in 8.055 μs
[17:01:11] [main/TRACE] [REI] [REIPlugin START] Reloading Section: "end-reload/DisplaySerializerRegistryImpl/"
[17:01:11] [main/TRACE] [REI] [REIPlugin START] Reloading Section: "end-reload/DisplaySerializerRegistryImpl/" done in 7.283 μs
[17:01:11] [main/TRACE] [REI] [REIPlugin START] Reloading Section: "end-reload/FluidSupportProviderImpl/"
[17:01:11] [main/TRACE] [REI] [REIPlugin START] Reloading Section: "end-reload/FluidSupportProviderImpl/" done in 7.445 μs
[17:01:11] [main/TRACE] [REI] [REIPlugin START] Reloading Section: "end-reload/" done in 1.136 ms
[17:01:11] [main/DEBUG] [REI] ========================================
[17:01:11] [main/DEBUG] [REI] REIPlugin ended main-reload for START in 31.22 ms.
[17:01:11] [main/DEBUG] [REI] ========================================
[17:01:11] [main/INFO] [REI] ========================================
[17:01:11] [main/INFO] [REI] REIServerPlugin starting main-reload for START.
[17:01:11] [main/DEBUG] [REI] Reloadables (2):
[17:01:11] [main/DEBUG] [REI]  - MenuInfoRegistryImpl
[17:01:11] [main/DEBUG] [REI]  - SlotAccessorRegistryImpl
[17:01:11] [main/INFO] [REI] Plugins (3):
[17:01:11] [main/INFO] [REI]  - (-100.00) DefaultPlugin of DefaultPlugin [roughlyenoughitems]
[17:01:11] [main/INFO] [REI]  - (0.00) FabricFluidAPISupportPlugin
[17:01:11] [main/INFO] [REI]  - (0.00) DefaultRuntimePlugin of DefaultRuntimePlugin [roughlyenoughitems]
[17:01:11] [main/INFO] [REI] ========================================
[17:01:11] [main/TRACE] [REI] [REIServerPlugin START] Reloading Section: "start-reload/"
[17:01:11] [main/TRACE] [REI] [REIServerPlugin START] Reloading Section: "start-reload/MenuInfoRegistryImpl/"
[17:01:11] [main/TRACE] [REI] [REIServerPlugin START] Reloading Section: "start-reload/MenuInfoRegistryImpl/" done in 9.067 μs
[17:01:11] [main/TRACE] [REI] [REIServerPlugin START] Reloading Section: "start-reload/SlotAccessorRegistryImpl/"
[17:01:11] [main/TRACE] [REI] [REIServerPlugin START] Reloading Section: "start-reload/SlotAccessorRegistryImpl/" done in 11.87 μs
[17:01:11] [main/TRACE] [REI] [REIServerPlugin START] Reloading Section: "start-reload/" done in 233.4 μs
[17:01:11] [main/DEBUG] [REI] ========================================
[17:01:11] [main/DEBUG] [REI] REIServerPlugin started main-reload for START.
[17:01:11] [main/DEBUG] [REI] ========================================
[17:01:11] [main/TRACE] [REI] [REIServerPlugin START] Reloading Section: "reloadable-plugin/MenuInfoRegistryImpl/"
[17:01:11] [main/TRACE] [REI] [REIServerPlugin START] Reloading Section: "reloadable-plugin/MenuInfoRegistryImpl/DefaultPlugin of DefaultPlugin [roughlyenoughitems]/"
[17:01:11] [main/TRACE] [REI] [REIServerPlugin START] Reloading Section: "reloadable-plugin/MenuInfoRegistryImpl/DefaultPlugin of DefaultPlugin [roughlyenoughitems]/" done in 10.70 μs
[17:01:11] [main/TRACE] [REI] [REIServerPlugin START] Reloading Section: "reloadable-plugin/MenuInfoRegistryImpl/FabricFluidAPISupportPlugin/"
[17:01:11] [main/TRACE] [REI] [REIServerPlugin START] Reloading Section: "reloadable-plugin/MenuInfoRegistryImpl/FabricFluidAPISupportPlugin/" done in 19.82 μs
[17:01:11] [main/TRACE] [REI] [REIServerPlugin START] Reloading Section: "reloadable-plugin/MenuInfoRegistryImpl/DefaultRuntimePlugin of DefaultRuntimePlugin [roughlyenoughitems]/"
[17:01:11] [main/TRACE] [REI] [REIServerPlugin START] Reloading Section: "reloadable-plugin/MenuInfoRegistryImpl/DefaultRuntimePlugin of DefaultRuntimePlugin [roughlyenoughitems]/" done in 11.30 μs
[17:01:11] [main/TRACE] [REI] [REIServerPlugin START] Reloading Section: "reloadable-plugin/MenuInfoRegistryImpl/" done in 358.9 μs
[17:01:11] [main/TRACE] [REI] [REIServerPlugin START] Reloading Section: "reloadable-plugin/SlotAccessorRegistryImpl/"
[17:01:11] [main/TRACE] [REI] [REIServerPlugin START] Reloading Section: "reloadable-plugin/SlotAccessorRegistryImpl/DefaultPlugin of DefaultPlugin [roughlyenoughitems]/"
[17:01:11] [main/TRACE] [REI] [REIServerPlugin START] Reloading Section: "reloadable-plugin/SlotAccessorRegistryImpl/DefaultPlugin of DefaultPlugin [roughlyenoughitems]/" done in 11.19 μs
[17:01:11] [main/TRACE] [REI] [REIServerPlugin START] Reloading Section: "reloadable-plugin/SlotAccessorRegistryImpl/FabricFluidAPISupportPlugin/"
[17:01:11] [main/TRACE] [REI] [REIServerPlugin START] Reloading Section: "reloadable-plugin/SlotAccessorRegistryImpl/FabricFluidAPISupportPlugin/" done in 12.14 μs
[17:01:11] [main/TRACE] [REI] [REIServerPlugin START] Reloading Section: "reloadable-plugin/SlotAccessorRegistryImpl/DefaultRuntimePlugin of DefaultRuntimePlugin [roughlyenoughitems]/"
[17:01:11] [main/TRACE] [REI] [REIServerPlugin START] Reloading Section: "reloadable-plugin/SlotAccessorRegistryImpl/DefaultRuntimePlugin of DefaultRuntimePlugin [roughlyenoughitems]/" done in 10.73 μs
[17:01:11] [main/TRACE] [REI] [REIServerPlugin START] Reloading Section: "reloadable-plugin/SlotAccessorRegistryImpl/" done in 358.7 μs
[17:01:11] [main/DEBUG] [REI] ========================================
[17:01:11] [main/DEBUG] [REI] REIServerPlugin ending main-reload for START.
[17:01:11] [main/DEBUG] [REI] ========================================
[17:01:11] [main/TRACE] [REI] [REIServerPlugin START] Reloading Section: "end-reload/"
[17:01:11] [main/TRACE] [REI] [REIServerPlugin START] Reloading Section: "end-reload/MenuInfoRegistryImpl/"
[17:01:11] [main/TRACE] [REI] [REIServerPlugin START] Reloading Section: "end-reload/MenuInfoRegistryImpl/" done in 7.605 μs
[17:01:11] [main/TRACE] [REI] [REIServerPlugin START] Reloading Section: "end-reload/SlotAccessorRegistryImpl/"
[17:01:11] [main/TRACE] [REI] [REIServerPlugin START] Reloading Section: "end-reload/SlotAccessorRegistryImpl/" done in 7.273 μs
[17:01:11] [main/TRACE] [REI] [REIServerPlugin START] Reloading Section: "end-reload/" done in 213.7 μs
[17:01:11] [main/DEBUG] [REI] ========================================
[17:01:11] [main/DEBUG] [REI] REIServerPlugin ended main-reload for START in 3.514 ms.
[17:01:11] [main/DEBUG] [REI] ========================================
[17:01:11] [main/DEBUG] [REI] ========================================
[17:01:11] [main/DEBUG] [REI] REIPlugin starting post-reload for START.
[17:01:11] [main/DEBUG] [REI] Reloadables (7):
[17:01:11] [main/DEBUG] [REI]  - EntryTypeRegistryImpl
[17:01:11] [main/DEBUG] [REI]  - EntrySettingsAdapterRegistryImpl
[17:01:11] [main/DEBUG] [REI]  - RecipeManagerContextImpl
[17:01:11] [main/DEBUG] [REI]  - ItemComparatorRegistryImpl
[17:01:11] [main/DEBUG] [REI]  - FluidComparatorRegistryImpl
[17:01:11] [main/DEBUG] [REI]  - DisplaySerializerRegistryImpl
[17:01:11] [main/DEBUG] [REI]  - FluidSupportProviderImpl
[17:01:11] [main/DEBUG] [REI] Plugins (3):
[17:01:11] [main/DEBUG] [REI]  - (-100.00) DefaultPlugin of DefaultPlugin [roughlyenoughitems]
[17:01:11] [main/DEBUG] [REI]  - (0.00) FabricFluidAPISupportPlugin
[17:01:11] [main/DEBUG] [REI]  - (0.00) DefaultRuntimePlugin of DefaultRuntimePlugin [roughlyenoughitems]
[17:01:11] [main/DEBUG] [REI] ========================================
[17:01:11] [main/TRACE] [REI] [REIPlugin START] Reloading Section: "post-register/"
[17:01:11] [main/TRACE] [REI] [REIPlugin START] Reloading Section: "post-register/DefaultPlugin of DefaultPlugin [roughlyenoughitems]/"
[17:01:11] [main/TRACE] [REI] [REIPlugin START] Reloading Section: "post-register/DefaultPlugin of DefaultPlugin [roughlyenoughitems]/" done in 223.8 μs
[17:01:11] [main/TRACE] [REI] [REIPlugin START] Reloading Section: "post-register/FabricFluidAPISupportPlugin/"
[17:01:11] [main/TRACE] [REI] [REIPlugin START] Reloading Section: "post-register/FabricFluidAPISupportPlugin/" done in 11.54 μs
[17:01:11] [main/TRACE] [REI] [REIPlugin START] Reloading Section: "post-register/DefaultRuntimePlugin of DefaultRuntimePlugin [roughlyenoughitems]/"
[17:01:11] [main/TRACE] [REI] [REIPlugin START] Reloading Section: "post-register/DefaultRuntimePlugin of DefaultRuntimePlugin [roughlyenoughitems]/" done in 11.14 μs
[17:01:11] [main/TRACE] [REI] [REIPlugin START] Reloading Section: "post-register/" done in 980.7 μs
[17:01:11] [main/TRACE] [REI] [REIPlugin START] Reloading Section: "post-stage/"
[17:01:11] [main/TRACE] [REI] [REIPlugin START] Reloading Section: "post-stage/EntryTypeRegistryImpl/"
[17:01:11] [main/TRACE] [REI] [REIPlugin START] Reloading Section: "post-stage/EntryTypeRegistryImpl/" done in 11.61 μs
[17:01:11] [main/TRACE] [REI] [REIPlugin START] Reloading Section: "post-stage/EntrySettingsAdapterRegistryImpl/"
[17:01:11] [main/TRACE] [REI] [REIPlugin START] Reloading Section: "post-stage/EntrySettingsAdapterRegistryImpl/" done in 6.222 μs
[17:01:11] [main/TRACE] [REI] [REIPlugin START] Reloading Section: "post-stage/RecipeManagerContextImpl/"
[17:01:11] [main/TRACE] [REI] [REIPlugin START] Reloading Section: "post-stage/RecipeManagerContextImpl/" done in 5.921 μs
[17:01:11] [main/TRACE] [REI] [REIPlugin START] Reloading Section: "post-stage/ItemComparatorRegistryImpl/"
[17:01:11] [main/TRACE] [REI] [REIPlugin START] Reloading Section: "post-stage/ItemComparatorRegistryImpl/" done in 6.112 μs
[17:01:11] [main/TRACE] [REI] [REIPlugin START] Reloading Section: "post-stage/FluidComparatorRegistryImpl/"
[17:01:11] [main/TRACE] [REI] [REIPlugin START] Reloading Section: "post-stage/FluidComparatorRegistryImpl/" done in 7.304 μs
[17:01:11] [main/TRACE] [REI] [REIPlugin START] Reloading Section: "post-stage/DisplaySerializerRegistryImpl/"
[17:01:11] [main/TRACE] [REI] [REIPlugin START] Reloading Section: "post-stage/DisplaySerializerRegistryImpl/" done in 5.249 μs
[17:01:11] [main/TRACE] [REI] [REIPlugin START] Reloading Section: "post-stage/FluidSupportProviderImpl/"
[17:01:11] [main/TRACE] [REI] [REIPlugin START] Reloading Section: "post-stage/FluidSupportProviderImpl/" done in 5.240 μs
[17:01:11] [main/TRACE] [REI] [REIPlugin START] Reloading Section: "post-stage/" done in 900.3 μs
[17:01:11] [main/DEBUG] [REI] ========================================
[17:01:11] [main/INFO] [REI] REIPlugin finished post-reload for START in 2.109 ms, totaling 55.61 ms.
[17:01:11] [main/DEBUG] [REI] ========================================
[17:01:11] [main/DEBUG] [REI] ========================================
[17:01:11] [main/DEBUG] [REI] REIServerPlugin starting post-reload for START.
[17:01:11] [main/DEBUG] [REI] Reloadables (2):
[17:01:11] [main/DEBUG] [REI]  - MenuInfoRegistryImpl
[17:01:11] [main/DEBUG] [REI]  - SlotAccessorRegistryImpl
[17:01:11] [main/DEBUG] [REI] Plugins (3):
[17:01:11] [main/DEBUG] [REI]  - (-100.00) DefaultPlugin of DefaultPlugin [roughlyenoughitems]
[17:01:11] [main/DEBUG] [REI]  - (0.00) FabricFluidAPISupportPlugin
[17:01:11] [main/DEBUG] [REI]  - (0.00) DefaultRuntimePlugin of DefaultRuntimePlugin [roughlyenoughitems]
[17:01:11] [main/DEBUG] [REI] ========================================
[17:01:11] [main/TRACE] [REI] [REIServerPlugin START] Reloading Section: "post-register/"
[17:01:11] [main/TRACE] [REI] [REIServerPlugin START] Reloading Section: "post-register/DefaultPlugin of DefaultPlugin [roughlyenoughitems]/"
[17:01:11] [main/TRACE] [REI] [REIServerPlugin START] Reloading Section: "post-register/DefaultPlugin of DefaultPlugin [roughlyenoughitems]/" done in 9.488 μs
[17:01:11] [main/TRACE] [REI] [REIServerPlugin START] Reloading Section: "post-register/FabricFluidAPISupportPlugin/"
[17:01:11] [main/TRACE] [REI] [REIServerPlugin START] Reloading Section: "post-register/FabricFluidAPISupportPlugin/" done in 9.307 μs
[17:01:11] [main/TRACE] [REI] [REIServerPlugin START] Reloading Section: "post-register/DefaultRuntimePlugin of DefaultRuntimePlugin [roughlyenoughitems]/"
[17:01:11] [main/TRACE] [REI] [REIServerPlugin START] Reloading Section: "post-register/DefaultRuntimePlugin of DefaultRuntimePlugin [roughlyenoughitems]/" done in 8.776 μs
[17:01:11] [main/TRACE] [REI] [REIServerPlugin START] Reloading Section: "post-register/" done in 467.6 μs
[17:01:11] [main/TRACE] [REI] [REIServerPlugin START] Reloading Section: "post-stage/"
[17:01:11] [main/TRACE] [REI] [REIServerPlugin START] Reloading Section: "post-stage/MenuInfoRegistryImpl/"
[17:01:11] [main/TRACE] [REI] [REIServerPlugin START] Reloading Section: "post-stage/MenuInfoRegistryImpl/" done in 6.041 μs
[17:01:11] [main/TRACE] [REI] [REIServerPlugin START] Reloading Section: "post-stage/SlotAccessorRegistryImpl/"
[17:01:11] [main/TRACE] [REI] [REIServerPlugin START] Reloading Section: "post-stage/SlotAccessorRegistryImpl/" done in 6.522 μs
[17:01:11] [main/TRACE] [REI] [REIServerPlugin START] Reloading Section: "post-stage/" done in 272.7 μs
[17:01:11] [main/DEBUG] [REI] ========================================
[17:01:11] [main/INFO] [REI] REIServerPlugin finished post-reload for START in 982.3 μs, totaling 5.823 ms.
[17:01:11] [main/DEBUG] [REI] ========================================
[17:01:11] [main/DEBUG] [REI] ========================================
[17:01:11] [main/DEBUG] [REI] REIPlugin starting pre-reload for END.
[17:01:11] [main/DEBUG] [REI] Reloadables (7):
[17:01:11] [main/DEBUG] [REI]  - EntryTypeRegistryImpl
[17:01:11] [main/DEBUG] [REI]  - EntrySettingsAdapterRegistryImpl
[17:01:11] [main/DEBUG] [REI]  - RecipeManagerContextImpl
[17:01:11] [main/DEBUG] [REI]  - ItemComparatorRegistryImpl
[17:01:11] [main/DEBUG] [REI]  - FluidComparatorRegistryImpl
[17:01:11] [main/DEBUG] [REI]  - DisplaySerializerRegistryImpl
[17:01:11] [main/DEBUG] [REI]  - FluidSupportProviderImpl
[17:01:11] [main/DEBUG] [REI] Plugins (3):
[17:01:11] [main/DEBUG] [REI]  - (-100.00) DefaultPlugin of DefaultPlugin [roughlyenoughitems]
[17:01:11] [main/DEBUG] [REI]  - (0.00) FabricFluidAPISupportPlugin
[17:01:11] [main/DEBUG] [REI]  - (0.00) DefaultRuntimePlugin of DefaultRuntimePlugin [roughlyenoughitems]
[17:01:11] [main/DEBUG] [REI] ========================================
[17:01:11] [main/TRACE] [REI] [REIPlugin END] Reloading Section: "pre-register/"
[17:01:11] [main/TRACE] [REI] [REIPlugin END] Reloading Section: "pre-register/DefaultPlugin of DefaultPlugin [roughlyenoughitems]/"
[17:01:11] [main/TRACE] [REI] [REIPlugin END] Reloading Section: "pre-register/DefaultPlugin of DefaultPlugin [roughlyenoughitems]/" done in 9.528 μs
[17:01:11] [main/TRACE] [REI] [REIPlugin END] Reloading Section: "pre-register/FabricFluidAPISupportPlugin/"
[17:01:11] [main/TRACE] [REI] [REIPlugin END] Reloading Section: "pre-register/FabricFluidAPISupportPlugin/" done in 8.746 μs
[17:01:11] [main/TRACE] [REI] [REIPlugin END] Reloading Section: "pre-register/DefaultRuntimePlugin of DefaultRuntimePlugin [roughlyenoughitems]/"
[17:01:11] [main/TRACE] [REI] [REIPlugin END] Reloading Section: "pre-register/DefaultRuntimePlugin of DefaultRuntimePlugin [roughlyenoughitems]/" done in 11.65 μs
[17:01:11] [main/TRACE] [REI] [REIPlugin END] Reloading Section: "pre-register/" done in 510.9 μs
[17:01:11] [main/TRACE] [REI] [REIPlugin END] Reloading Section: "pre-stage/"
[17:01:11] [main/TRACE] [REI] [REIPlugin END] Reloading Section: "pre-stage/EntryTypeRegistryImpl/"
[17:01:11] [main/TRACE] [REI] [REIPlugin END] Reloading Section: "pre-stage/EntryTypeRegistryImpl/" done in 7.004 μs
[17:01:11] [main/TRACE] [REI] [REIPlugin END] Reloading Section: "pre-stage/EntrySettingsAdapterRegistryImpl/"
[17:01:11] [main/TRACE] [REI] [REIPlugin END] Reloading Section: "pre-stage/EntrySettingsAdapterRegistryImpl/" done in 7.023 μs
[17:01:11] [main/TRACE] [REI] [REIPlugin END] Reloading Section: "pre-stage/RecipeManagerContextImpl/"
[17:01:11] [main/TRACE] [REI] [REIPlugin END] Reloading Section: "pre-stage/RecipeManagerContextImpl/" done in 8.576 μs
[17:01:11] [main/TRACE] [REI] [REIPlugin END] Reloading Section: "pre-stage/ItemComparatorRegistryImpl/"
[17:01:11] [main/TRACE] [REI] [REIPlugin END] Reloading Section: "pre-stage/ItemComparatorRegistryImpl/" done in 6.122 μs
[17:01:11] [main/TRACE] [REI] [REIPlugin END] Reloading Section: "pre-stage/FluidComparatorRegistryImpl/"
[17:01:11] [main/TRACE] [REI] [REIPlugin END] Reloading Section: "pre-stage/FluidComparatorRegistryImpl/" done in 7.524 μs
[17:01:11] [main/TRACE] [REI] [REIPlugin END] Reloading Section: "pre-stage/DisplaySerializerRegistryImpl/"
[17:01:11] [main/TRACE] [REI] [REIPlugin END] Reloading Section: "pre-stage/DisplaySerializerRegistryImpl/" done in 11.61 μs
[17:01:11] [main/TRACE] [REI] [REIPlugin END] Reloading Section: "pre-stage/FluidSupportProviderImpl/"
[17:01:11] [main/TRACE] [REI] [REIPlugin END] Reloading Section: "pre-stage/FluidSupportProviderImpl/" done in 8.035 μs
[17:01:11] [main/TRACE] [REI] [REIPlugin END] Reloading Section: "pre-stage/" done in 932.7 μs
[17:01:11] [main/DEBUG] [REI] ========================================
[17:01:11] [main/DEBUG] [REI] REIPlugin finished pre-reload for END in 1.739 ms.
[17:01:11] [main/DEBUG] [REI] ========================================
[17:01:11] [main/DEBUG] [REI] ========================================
[17:01:11] [main/DEBUG] [REI] REIServerPlugin starting pre-reload for END.
[17:01:11] [main/DEBUG] [REI] Reloadables (2):
[17:01:11] [main/DEBUG] [REI]  - MenuInfoRegistryImpl
[17:01:11] [main/DEBUG] [REI]  - SlotAccessorRegistryImpl
[17:01:11] [main/DEBUG] [REI] Plugins (3):
[17:01:11] [main/DEBUG] [REI]  - (-100.00) DefaultPlugin of DefaultPlugin [roughlyenoughitems]
[17:01:11] [main/DEBUG] [REI]  - (0.00) FabricFluidAPISupportPlugin
[17:01:11] [main/DEBUG] [REI]  - (0.00) DefaultRuntimePlugin of DefaultRuntimePlugin [roughlyenoughitems]
[17:01:11] [main/DEBUG] [REI] ========================================
[17:01:11] [main/TRACE] [REI] [REIServerPlugin END] Reloading Section: "pre-register/"
[17:01:11] [main/TRACE] [REI] [REIServerPlugin END] Reloading Section: "pre-register/DefaultPlugin of DefaultPlugin [roughlyenoughitems]/"
[17:01:11] [main/TRACE] [REI] [REIServerPlugin END] Reloading Section: "pre-register/DefaultPlugin of DefaultPlugin [roughlyenoughitems]/" done in 9.648 μs
[17:01:11] [main/TRACE] [REI] [REIServerPlugin END] Reloading Section: "pre-register/FabricFluidAPISupportPlugin/"
[17:01:11] [main/TRACE] [REI] [REIServerPlugin END] Reloading Section: "pre-register/FabricFluidAPISupportPlugin/" done in 10.46 μs
[17:01:11] [main/TRACE] [REI] [REIServerPlugin END] Reloading Section: "pre-register/DefaultRuntimePlugin of DefaultRuntimePlugin [roughlyenoughitems]/"
[17:01:11] [main/TRACE] [REI] [REIServerPlugin END] Reloading Section: "pre-register/DefaultRuntimePlugin of DefaultRuntimePlugin [roughlyenoughitems]/" done in 8.486 μs
[17:01:11] [main/TRACE] [REI] [REIServerPlugin END] Reloading Section: "pre-register/" done in 509.6 μs
[17:01:11] [main/TRACE] [REI] [REIServerPlugin END] Reloading Section: "pre-stage/"
[17:01:11] [main/TRACE] [REI] [REIServerPlugin END] Reloading Section: "pre-stage/MenuInfoRegistryImpl/"
[17:01:11] [main/TRACE] [REI] [REIServerPlugin END] Reloading Section: "pre-stage/MenuInfoRegistryImpl/" done in 7.985 μs
[17:01:11] [main/TRACE] [REI] [REIServerPlugin END] Reloading Section: "pre-stage/SlotAccessorRegistryImpl/"
[17:01:11] [main/TRACE] [REI] [REIServerPlugin END] Reloading Section: "pre-stage/SlotAccessorRegistryImpl/" done in 6.612 μs
[17:01:11] [main/TRACE] [REI] [REIServerPlugin END] Reloading Section: "pre-stage/" done in 206.4 μs
[17:01:11] [main/DEBUG] [REI] ========================================
[17:01:11] [main/DEBUG] [REI] REIServerPlugin finished pre-reload for END in 946.9 μs.
[17:01:11] [main/DEBUG] [REI] ========================================
[17:01:11] [main/INFO] [REI] ~~~~~~~~~~~~~~~~~~~~~~~~~~~~~~~~~~~~~~~~
[17:01:11] [main/INFO] [REI] REIPlugin starting main-reload for END.
[17:01:11] [main/DEBUG] [REI] Reloadables (7):
[17:01:11] [main/DEBUG] [REI]  - EntryTypeRegistryImpl
[17:01:11] [main/DEBUG] [REI]  - EntrySettingsAdapterRegistryImpl
[17:01:11] [main/DEBUG] [REI]  - RecipeManagerContextImpl
[17:01:11] [main/DEBUG] [REI]  - ItemComparatorRegistryImpl
[17:01:11] [main/DEBUG] [REI]  - FluidComparatorRegistryImpl
[17:01:11] [main/DEBUG] [REI]  - DisplaySerializerRegistryImpl
[17:01:11] [main/DEBUG] [REI]  - FluidSupportProviderImpl
[17:01:11] [main/INFO] [REI] Plugins (3):
[17:01:11] [main/INFO] [REI]  - (-100.00) DefaultPlugin of DefaultPlugin [roughlyenoughitems]
[17:01:11] [main/INFO] [REI]  - (0.00) FabricFluidAPISupportPlugin
[17:01:11] [main/INFO] [REI]  - (0.00) DefaultRuntimePlugin of DefaultRuntimePlugin [roughlyenoughitems]
[17:01:11] [main/INFO] [REI] ~~~~~~~~~~~~~~~~~~~~~~~~~~~~~~~~~~~~~~~~
[17:01:11] [main/TRACE] [REI] [REIPlugin END] Reloading Section: "start-reload/"
[17:01:11] [main/TRACE] [REI] [REIPlugin END] Reloading Section: "start-reload/EntryTypeRegistryImpl/"
[17:01:11] [main/TRACE] [REI] [REIPlugin END] Reloading Section: "start-reload/EntryTypeRegistryImpl/" done in 7.714 μs
[17:01:11] [main/TRACE] [REI] [REIPlugin END] Reloading Section: "start-reload/EntrySettingsAdapterRegistryImpl/"
[17:01:11] [main/TRACE] [REI] [REIPlugin END] Reloading Section: "start-reload/EntrySettingsAdapterRegistryImpl/" done in 16.14 μs
[17:01:11] [main/TRACE] [REI] [REIPlugin END] Reloading Section: "start-reload/RecipeManagerContextImpl/"
[17:01:11] [main/TRACE] [REI] [REIPlugin END] Reloading Section: "start-reload/RecipeManagerContextImpl/" done in 9.177 μs
[17:01:11] [main/TRACE] [REI] [REIPlugin END] Reloading Section: "start-reload/ItemComparatorRegistryImpl/"
[17:01:11] [main/TRACE] [REI] [REIPlugin END] Reloading Section: "start-reload/ItemComparatorRegistryImpl/" done in 7.143 μs
[17:01:11] [main/TRACE] [REI] [REIPlugin END] Reloading Section: "start-reload/FluidComparatorRegistryImpl/"
[17:01:11] [main/TRACE] [REI] [REIPlugin END] Reloading Section: "start-reload/FluidComparatorRegistryImpl/" done in 6.422 μs
[17:01:11] [main/TRACE] [REI] [REIPlugin END] Reloading Section: "start-reload/DisplaySerializerRegistryImpl/"
[17:01:11] [main/TRACE] [REI] [REIPlugin END] Reloading Section: "start-reload/DisplaySerializerRegistryImpl/" done in 13.30 μs
[17:01:11] [main/TRACE] [REI] [REIPlugin END] Reloading Section: "start-reload/FluidSupportProviderImpl/"
[17:01:11] [main/TRACE] [REI] [REIPlugin END] Reloading Section: "start-reload/FluidSupportProviderImpl/" done in 6.332 μs
[17:01:11] [main/TRACE] [REI] [REIPlugin END] Reloading Section: "start-reload/" done in 1.035 ms
[17:01:11] [main/DEBUG] [REI] ========================================
[17:01:11] [main/DEBUG] [REI] REIPlugin started main-reload for END.
[17:01:11] [main/DEBUG] [REI] ========================================
[17:01:11] [main/TRACE] [REI] [REIPlugin END] Reloading Section: "reloadable-plugin/EntryTypeRegistryImpl/"
[17:01:11] [main/TRACE] [REI] [REIPlugin END] Reloading Section: "reloadable-plugin/EntryTypeRegistryImpl/DefaultPlugin of DefaultPlugin [roughlyenoughitems]/"
[17:01:11] [main/TRACE] [REI] [REIPlugin END] Reloading Section: "reloadable-plugin/EntryTypeRegistryImpl/DefaultPlugin of DefaultPlugin [roughlyenoughitems]/" done in 12.40 μs
[17:01:11] [main/TRACE] [REI] [REIPlugin END] Reloading Section: "reloadable-plugin/EntryTypeRegistryImpl/FabricFluidAPISupportPlugin/"
[17:01:11] [main/TRACE] [REI] [REIPlugin END] Reloading Section: "reloadable-plugin/EntryTypeRegistryImpl/FabricFluidAPISupportPlugin/" done in 14.32 μs
[17:01:11] [main/TRACE] [REI] [REIPlugin END] Reloading Section: "reloadable-plugin/EntryTypeRegistryImpl/DefaultRuntimePlugin of DefaultRuntimePlugin [roughlyenoughitems]/"
[17:01:11] [main/TRACE] [REI] [REIPlugin END] Reloading Section: "reloadable-plugin/EntryTypeRegistryImpl/DefaultRuntimePlugin of DefaultRuntimePlugin [roughlyenoughitems]/" done in 54.47 μs
[17:01:11] [main/TRACE] [REI] [REIPlugin END] Reloading Section: "reloadable-plugin/EntryTypeRegistryImpl/" done in 458.3 μs
[17:01:11] [main/TRACE] [REI] [REIPlugin END] Reloading Section: "reloadable-plugin/EntrySettingsAdapterRegistryImpl/"
[17:01:11] [main/TRACE] [REI] [REIPlugin END] Reloading Section: "reloadable-plugin/EntrySettingsAdapterRegistryImpl/DefaultPlugin of DefaultPlugin [roughlyenoughitems]/"
[17:01:11] [main/TRACE] [REI] [REIPlugin END] Reloading Section: "reloadable-plugin/EntrySettingsAdapterRegistryImpl/DefaultPlugin of DefaultPlugin [roughlyenoughitems]/" done in 19.74 μs
[17:01:11] [main/TRACE] [REI] [REIPlugin END] Reloading Section: "reloadable-plugin/EntrySettingsAdapterRegistryImpl/FabricFluidAPISupportPlugin/"
[17:01:11] [main/TRACE] [REI] [REIPlugin END] Reloading Section: "reloadable-plugin/EntrySettingsAdapterRegistryImpl/FabricFluidAPISupportPlugin/" done in 11.62 μs
[17:01:11] [main/TRACE] [REI] [REIPlugin END] Reloading Section: "reloadable-plugin/EntrySettingsAdapterRegistryImpl/DefaultRuntimePlugin of DefaultRuntimePlugin [roughlyenoughitems]/"
[17:01:11] [main/TRACE] [REI] [REIPlugin END] Reloading Section: "reloadable-plugin/EntrySettingsAdapterRegistryImpl/DefaultRuntimePlugin of DefaultRuntimePlugin [roughlyenoughitems]/" done in 17.81 μs
[17:01:11] [main/TRACE] [REI] [REIPlugin END] Reloading Section: "reloadable-plugin/EntrySettingsAdapterRegistryImpl/" done in 409.3 μs
[17:01:11] [main/TRACE] [REI] [REIPlugin END] Reloading Section: "reloadable-plugin/RecipeManagerContextImpl/"
[17:01:11] [main/TRACE] [REI] [REIPlugin END] Reloading Section: "reloadable-plugin/RecipeManagerContextImpl/DefaultPlugin of DefaultPlugin [roughlyenoughitems]/"
[17:01:11] [main/TRACE] [REI] [REIPlugin END] Reloading Section: "reloadable-plugin/RecipeManagerContextImpl/DefaultPlugin of DefaultPlugin [roughlyenoughitems]/" done in 16.66 μs
[17:01:11] [main/TRACE] [REI] [REIPlugin END] Reloading Section: "reloadable-plugin/RecipeManagerContextImpl/FabricFluidAPISupportPlugin/"
[17:01:11] [main/TRACE] [REI] [REIPlugin END] Reloading Section: "reloadable-plugin/RecipeManagerContextImpl/FabricFluidAPISupportPlugin/" done in 14.90 μs
[17:01:11] [main/TRACE] [REI] [REIPlugin END] Reloading Section: "reloadable-plugin/RecipeManagerContextImpl/DefaultRuntimePlugin of DefaultRuntimePlugin [roughlyenoughitems]/"
[17:01:11] [main/TRACE] [REI] [REIPlugin END] Reloading Section: "reloadable-plugin/RecipeManagerContextImpl/DefaultRuntimePlugin of DefaultRuntimePlugin [roughlyenoughitems]/" done in 11.07 μs
[17:01:11] [main/TRACE] [REI] [REIPlugin END] Reloading Section: "reloadable-plugin/RecipeManagerContextImpl/" done in 456.8 μs
[17:01:11] [main/TRACE] [REI] [REIPlugin END] Reloading Section: "reloadable-plugin/ItemComparatorRegistryImpl/"
[17:01:11] [main/TRACE] [REI] [REIPlugin END] Reloading Section: "reloadable-plugin/ItemComparatorRegistryImpl/DefaultPlugin of DefaultPlugin [roughlyenoughitems]/"
[17:01:11] [main/TRACE] [REI] [REIPlugin END] Reloading Section: "reloadable-plugin/ItemComparatorRegistryImpl/DefaultPlugin of DefaultPlugin [roughlyenoughitems]/" done in 12.36 μs
[17:01:11] [main/TRACE] [REI] [REIPlugin END] Reloading Section: "reloadable-plugin/ItemComparatorRegistryImpl/FabricFluidAPISupportPlugin/"
[17:01:11] [main/TRACE] [REI] [REIPlugin END] Reloading Section: "reloadable-plugin/ItemComparatorRegistryImpl/FabricFluidAPISupportPlugin/" done in 11.57 μs
[17:01:11] [main/TRACE] [REI] [REIPlugin END] Reloading Section: "reloadable-plugin/ItemComparatorRegistryImpl/DefaultRuntimePlugin of DefaultRuntimePlugin [roughlyenoughitems]/"
[17:01:11] [main/TRACE] [REI] [REIPlugin END] Reloading Section: "reloadable-plugin/ItemComparatorRegistryImpl/DefaultRuntimePlugin of DefaultRuntimePlugin [roughlyenoughitems]/" done in 10.91 μs
[17:01:11] [main/TRACE] [REI] [REIPlugin END] Reloading Section: "reloadable-plugin/ItemComparatorRegistryImpl/" done in 440.5 μs
[17:01:11] [main/TRACE] [REI] [REIPlugin END] Reloading Section: "reloadable-plugin/FluidComparatorRegistryImpl/"
[17:01:11] [main/TRACE] [REI] [REIPlugin END] Reloading Section: "reloadable-plugin/FluidComparatorRegistryImpl/DefaultPlugin of DefaultPlugin [roughlyenoughitems]/"
[17:01:11] [main/TRACE] [REI] [REIPlugin END] Reloading Section: "reloadable-plugin/FluidComparatorRegistryImpl/DefaultPlugin of DefaultPlugin [roughlyenoughitems]/" done in 11.43 μs
[17:01:11] [main/TRACE] [REI] [REIPlugin END] Reloading Section: "reloadable-plugin/FluidComparatorRegistryImpl/FabricFluidAPISupportPlugin/"
[17:01:11] [main/TRACE] [REI] [REIPlugin END] Reloading Section: "reloadable-plugin/FluidComparatorRegistryImpl/FabricFluidAPISupportPlugin/" done in 13.63 μs
[17:01:11] [main/TRACE] [REI] [REIPlugin END] Reloading Section: "reloadable-plugin/FluidComparatorRegistryImpl/DefaultRuntimePlugin of DefaultRuntimePlugin [roughlyenoughitems]/"
[17:01:11] [main/TRACE] [REI] [REIPlugin END] Reloading Section: "reloadable-plugin/FluidComparatorRegistryImpl/DefaultRuntimePlugin of DefaultRuntimePlugin [roughlyenoughitems]/" done in 11.16 μs
[17:01:11] [main/TRACE] [REI] [REIPlugin END] Reloading Section: "reloadable-plugin/FluidComparatorRegistryImpl/" done in 421.4 μs
[17:01:11] [main/TRACE] [REI] [REIPlugin END] Reloading Section: "reloadable-plugin/DisplaySerializerRegistryImpl/"
[17:01:11] [main/TRACE] [REI] [REIPlugin END] Reloading Section: "reloadable-plugin/DisplaySerializerRegistryImpl/DefaultPlugin of DefaultPlugin [roughlyenoughitems]/"
[17:01:11] [main/TRACE] [REI] [REIPlugin END] Reloading Section: "reloadable-plugin/DisplaySerializerRegistryImpl/DefaultPlugin of DefaultPlugin [roughlyenoughitems]/" done in 18.46 ms
[17:01:11] [main/TRACE] [REI] [REIPlugin END] Reloading Section: "reloadable-plugin/DisplaySerializerRegistryImpl/FabricFluidAPISupportPlugin/"
[17:01:11] [main/TRACE] [REI] [REIPlugin END] Reloading Section: "reloadable-plugin/DisplaySerializerRegistryImpl/FabricFluidAPISupportPlugin/" done in 16.97 μs
[17:01:11] [main/TRACE] [REI] [REIPlugin END] Reloading Section: "reloadable-plugin/DisplaySerializerRegistryImpl/DefaultRuntimePlugin of DefaultRuntimePlugin [roughlyenoughitems]/"
[17:01:11] [main/TRACE] [REI] [REIPlugin END] Reloading Section: "reloadable-plugin/DisplaySerializerRegistryImpl/DefaultRuntimePlugin of DefaultRuntimePlugin [roughlyenoughitems]/" done in 12.35 μs
[17:01:11] [main/TRACE] [REI] [REIPlugin END] Reloading Section: "reloadable-plugin/DisplaySerializerRegistryImpl/" done in 18.90 ms
[17:01:11] [main/TRACE] [REI] [REIPlugin END] Reloading Section: "reloadable-plugin/FluidSupportProviderImpl/"
[17:01:11] [main/TRACE] [REI] [REIPlugin END] Reloading Section: "reloadable-plugin/FluidSupportProviderImpl/DefaultPlugin of DefaultPlugin [roughlyenoughitems]/"
[17:01:11] [main/TRACE] [REI] [REIPlugin END] Reloading Section: "reloadable-plugin/FluidSupportProviderImpl/DefaultPlugin of DefaultPlugin [roughlyenoughitems]/" done in 11.74 μs
[17:01:11] [main/TRACE] [REI] [REIPlugin END] Reloading Section: "reloadable-plugin/FluidSupportProviderImpl/FabricFluidAPISupportPlugin/"
[17:01:11] [main/TRACE] [REI] [REIPlugin END] Reloading Section: "reloadable-plugin/FluidSupportProviderImpl/FabricFluidAPISupportPlugin/" done in 11.60 μs
[17:01:11] [main/TRACE] [REI] [REIPlugin END] Reloading Section: "reloadable-plugin/FluidSupportProviderImpl/DefaultRuntimePlugin of DefaultRuntimePlugin [roughlyenoughitems]/"
[17:01:11] [main/TRACE] [REI] [REIPlugin END] Reloading Section: "reloadable-plugin/FluidSupportProviderImpl/DefaultRuntimePlugin of DefaultRuntimePlugin [roughlyenoughitems]/" done in 12.15 μs
[17:01:11] [main/TRACE] [REI] [REIPlugin END] Reloading Section: "reloadable-plugin/FluidSupportProviderImpl/" done in 416.5 μs
[17:01:11] [main/DEBUG] [REI] ========================================
[17:01:11] [main/DEBUG] [REI] REIPlugin ending main-reload for END.
[17:01:11] [main/DEBUG] [REI] ========================================
[17:01:11] [main/TRACE] [REI] [REIPlugin END] Reloading Section: "end-reload/"
[17:01:11] [main/TRACE] [REI] [REIPlugin END] Reloading Section: "end-reload/EntryTypeRegistryImpl/"
[17:01:11] [main/TRACE] [REI] [REIPlugin END] Reloading Section: "end-reload/EntryTypeRegistryImpl/" done in 6.603 μs
[17:01:11] [main/TRACE] [REI] [REIPlugin END] Reloading Section: "end-reload/EntrySettingsAdapterRegistryImpl/"
[17:01:11] [main/TRACE] [REI] [REIPlugin END] Reloading Section: "end-reload/EntrySettingsAdapterRegistryImpl/" done in 5.891 μs
[17:01:11] [main/TRACE] [REI] [REIPlugin END] Reloading Section: "end-reload/RecipeManagerContextImpl/"
[17:01:11] [main/TRACE] [REI] [REIPlugin END] Reloading Section: "end-reload/RecipeManagerContextImpl/" done in 6.331 μs
[17:01:11] [main/TRACE] [REI] [REIPlugin END] Reloading Section: "end-reload/ItemComparatorRegistryImpl/"
[17:01:11] [main/TRACE] [REI] [REIPlugin END] Reloading Section: "end-reload/ItemComparatorRegistryImpl/" done in 5.681 μs
[17:01:11] [main/TRACE] [REI] [REIPlugin END] Reloading Section: "end-reload/FluidComparatorRegistryImpl/"
[17:01:11] [main/TRACE] [REI] [REIPlugin END] Reloading Section: "end-reload/FluidComparatorRegistryImpl/" done in 5.420 μs
[17:01:11] [main/TRACE] [REI] [REIPlugin END] Reloading Section: "end-reload/DisplaySerializerRegistryImpl/"
[17:01:11] [main/TRACE] [REI] [REIPlugin END] Reloading Section: "end-reload/DisplaySerializerRegistryImpl/" done in 5.670 μs
[17:01:11] [main/TRACE] [REI] [REIPlugin END] Reloading Section: "end-reload/FluidSupportProviderImpl/"
[17:01:11] [main/TRACE] [REI] [REIPlugin END] Reloading Section: "end-reload/FluidSupportProviderImpl/" done in 7.233 μs
[17:01:11] [main/TRACE] [REI] [REIPlugin END] Reloading Section: "end-reload/" done in 667.2 μs
[17:01:11] [main/DEBUG] [REI] ========================================
[17:01:11] [main/DEBUG] [REI] REIPlugin ended main-reload for END in 26.44 ms.
[17:01:11] [main/DEBUG] [REI] ========================================
[17:01:11] [main/INFO] [REI] OOOOOOOOOOOOOOOOOOOOOOOOOOOOOOOOOOOOOOOO
[17:01:11] [main/INFO] [REI] REIServerPlugin starting main-reload for END.
[17:01:11] [main/DEBUG] [REI] Reloadables (2):
[17:01:11] [main/DEBUG] [REI]  - MenuInfoRegistryImpl
[17:01:11] [main/DEBUG] [REI]  - SlotAccessorRegistryImpl
[17:01:11] [main/INFO] [REI] Plugins (3):
[17:01:11] [main/INFO] [REI]  - (-100.00) DefaultPlugin of DefaultPlugin [roughlyenoughitems]
[17:01:11] [main/INFO] [REI]  - (0.00) FabricFluidAPISupportPlugin
[17:01:11] [main/INFO] [REI]  - (0.00) DefaultRuntimePlugin of DefaultRuntimePlugin [roughlyenoughitems]
[17:01:11] [main/INFO] [REI] OOOOOOOOOOOOOOOOOOOOOOOOOOOOOOOOOOOOOOOO
[17:01:11] [main/TRACE] [REI] [REIServerPlugin END] Reloading Section: "start-reload/"
[17:01:11] [main/TRACE] [REI] [REIServerPlugin END] Reloading Section: "start-reload/MenuInfoRegistryImpl/"
[17:01:11] [main/TRACE] [REI] [REIServerPlugin END] Reloading Section: "start-reload/MenuInfoRegistryImpl/" done in 46.51 μs
[17:01:11] [main/TRACE] [REI] [REIServerPlugin END] Reloading Section: "start-reload/SlotAccessorRegistryImpl/"
[17:01:11] [main/TRACE] [REI] [REIServerPlugin END] Reloading Section: "start-reload/SlotAccessorRegistryImpl/" done in 17.75 μs
[17:01:11] [main/TRACE] [REI] [REIServerPlugin END] Reloading Section: "start-reload/" done in 633.1 μs
[17:01:11] [main/DEBUG] [REI] ========================================
[17:01:11] [main/DEBUG] [REI] REIServerPlugin started main-reload for END.
[17:01:11] [main/DEBUG] [REI] ========================================
[17:01:11] [main/TRACE] [REI] [REIServerPlugin END] Reloading Section: "reloadable-plugin/MenuInfoRegistryImpl/"
[17:01:11] [main/TRACE] [REI] [REIServerPlugin END] Reloading Section: "reloadable-plugin/MenuInfoRegistryImpl/DefaultPlugin of DefaultPlugin [roughlyenoughitems]/"
[17:01:11] [main/TRACE] [REI] [REIServerPlugin END] Reloading Section: "reloadable-plugin/MenuInfoRegistryImpl/DefaultPlugin of DefaultPlugin [roughlyenoughitems]/" done in 26.95 μs
[17:01:11] [main/TRACE] [REI] [REIServerPlugin END] Reloading Section: "reloadable-plugin/MenuInfoRegistryImpl/FabricFluidAPISupportPlugin/"
[17:01:11] [main/TRACE] [REI] [REIServerPlugin END] Reloading Section: "reloadable-plugin/MenuInfoRegistryImpl/FabricFluidAPISupportPlugin/" done in 10.42 μs
[17:01:11] [main/TRACE] [REI] [REIServerPlugin END] Reloading Section: "reloadable-plugin/MenuInfoRegistryImpl/DefaultRuntimePlugin of DefaultRuntimePlugin [roughlyenoughitems]/"
[17:01:11] [main/TRACE] [REI] [REIServerPlugin END] Reloading Section: "reloadable-plugin/MenuInfoRegistryImpl/DefaultRuntimePlugin of DefaultRuntimePlugin [roughlyenoughitems]/" done in 10.29 μs
[17:01:11] [main/TRACE] [REI] [REIServerPlugin END] Reloading Section: "reloadable-plugin/MenuInfoRegistryImpl/" done in 781.9 μs
[17:01:11] [main/TRACE] [REI] [REIServerPlugin END] Reloading Section: "reloadable-plugin/SlotAccessorRegistryImpl/"
[17:01:11] [main/TRACE] [REI] [REIServerPlugin END] Reloading Section: "reloadable-plugin/SlotAccessorRegistryImpl/DefaultPlugin of DefaultPlugin [roughlyenoughitems]/"
[17:01:11] [main/TRACE] [REI] [REIServerPlugin END] Reloading Section: "reloadable-plugin/SlotAccessorRegistryImpl/DefaultPlugin of DefaultPlugin [roughlyenoughitems]/" done in 22.18 μs
[17:01:11] [main/TRACE] [REI] [REIServerPlugin END] Reloading Section: "reloadable-plugin/SlotAccessorRegistryImpl/FabricFluidAPISupportPlugin/"
[17:01:11] [main/TRACE] [REI] [REIServerPlugin END] Reloading Section: "reloadable-plugin/SlotAccessorRegistryImpl/FabricFluidAPISupportPlugin/" done in 10.92 μs
[17:01:11] [main/TRACE] [REI] [REIServerPlugin END] Reloading Section: "reloadable-plugin/SlotAccessorRegistryImpl/DefaultRuntimePlugin of DefaultRuntimePlugin [roughlyenoughitems]/"
[17:01:11] [main/DEBUG] [REI] Added slot accessor serializer: me.shedaniel.rei.plugin.common.runtime.DefaultRuntimePlugin$1@24774d77 [roughlyenoughitems:vanilla]
[17:01:11] [main/DEBUG] [REI] Added slot accessor serializer: me.shedaniel.rei.plugin.common.runtime.DefaultRuntimePlugin$2@69a90868 [roughlyenoughitems:player]
[17:01:11] [main/TRACE] [REI] [REIServerPlugin END] Reloading Section: "reloadable-plugin/SlotAccessorRegistryImpl/DefaultRuntimePlugin of DefaultRuntimePlugin [roughlyenoughitems]/" done in 1.990 ms
[17:01:11] [main/TRACE] [REI] [REIServerPlugin END] Reloading Section: "reloadable-plugin/SlotAccessorRegistryImpl/" done in 2.882 ms
[17:01:11] [main/DEBUG] [REI] ========================================
[17:01:11] [main/DEBUG] [REI] REIServerPlugin ending main-reload for END.
[17:01:11] [main/DEBUG] [REI] ========================================
[17:01:11] [main/TRACE] [REI] [REIServerPlugin END] Reloading Section: "end-reload/"
[17:01:11] [main/TRACE] [REI] [REIServerPlugin END] Reloading Section: "end-reload/MenuInfoRegistryImpl/"
[17:01:11] [main/DEBUG] [REI] Registered 0 menu infos
[17:01:11] [main/TRACE] [REI] [REIServerPlugin END] Reloading Section: "end-reload/MenuInfoRegistryImpl/" done in 137.0 μs
[17:01:11] [main/TRACE] [REI] [REIServerPlugin END] Reloading Section: "end-reload/SlotAccessorRegistryImpl/"
[17:01:11] [main/DEBUG] [REI] Registered 2 slot accessor serializers
[17:01:11] [main/TRACE] [REI] [REIServerPlugin END] Reloading Section: "end-reload/SlotAccessorRegistryImpl/" done in 125.3 μs
[17:01:11] [main/TRACE] [REI] [REIServerPlugin END] Reloading Section: "end-reload/" done in 754.1 μs
[17:01:11] [main/DEBUG] [REI] ========================================
[17:01:11] [main/DEBUG] [REI] REIServerPlugin ended main-reload for END in 12.19 ms.
[17:01:11] [main/DEBUG] [REI] ========================================
[17:01:11] [main/DEBUG] [REI] ========================================
[17:01:11] [main/DEBUG] [REI] REIPlugin starting post-reload for END.
[17:01:11] [main/DEBUG] [REI] Reloadables (7):
[17:01:11] [main/DEBUG] [REI]  - EntryTypeRegistryImpl
[17:01:11] [main/DEBUG] [REI]  - EntrySettingsAdapterRegistryImpl
[17:01:11] [main/DEBUG] [REI]  - RecipeManagerContextImpl
[17:01:11] [main/DEBUG] [REI]  - ItemComparatorRegistryImpl
[17:01:11] [main/DEBUG] [REI]  - FluidComparatorRegistryImpl
[17:01:11] [main/DEBUG] [REI]  - DisplaySerializerRegistryImpl
[17:01:11] [main/DEBUG] [REI]  - FluidSupportProviderImpl
[17:01:11] [main/DEBUG] [REI] Plugins (3):
[17:01:11] [main/DEBUG] [REI]  - (-100.00) DefaultPlugin of DefaultPlugin [roughlyenoughitems]
[17:01:11] [main/DEBUG] [REI]  - (0.00) FabricFluidAPISupportPlugin
[17:01:11] [main/DEBUG] [REI]  - (0.00) DefaultRuntimePlugin of DefaultRuntimePlugin [roughlyenoughitems]
[17:01:11] [main/DEBUG] [REI] ========================================
[17:01:11] [main/TRACE] [REI] [REIPlugin END] Reloading Section: "post-register/"
[17:01:11] [main/TRACE] [REI] [REIPlugin END] Reloading Section: "post-register/DefaultPlugin of DefaultPlugin [roughlyenoughitems]/"
[17:01:11] [main/TRACE] [REI] [REIPlugin END] Reloading Section: "post-register/DefaultPlugin of DefaultPlugin [roughlyenoughitems]/" done in 10.42 μs
[17:01:11] [main/TRACE] [REI] [REIPlugin END] Reloading Section: "post-register/FabricFluidAPISupportPlugin/"
[17:01:11] [main/TRACE] [REI] [REIPlugin END] Reloading Section: "post-register/FabricFluidAPISupportPlugin/" done in 7.183 μs
[17:01:11] [main/TRACE] [REI] [REIPlugin END] Reloading Section: "post-register/DefaultRuntimePlugin of DefaultRuntimePlugin [roughlyenoughitems]/"
[17:01:11] [main/TRACE] [REI] [REIPlugin END] Reloading Section: "post-register/DefaultRuntimePlugin of DefaultRuntimePlugin [roughlyenoughitems]/" done in 6.963 μs
[17:01:11] [main/TRACE] [REI] [REIPlugin END] Reloading Section: "post-register/" done in 322.4 μs
[17:01:11] [main/TRACE] [REI] [REIPlugin END] Reloading Section: "post-stage/"
[17:01:11] [main/TRACE] [REI] [REIPlugin END] Reloading Section: "post-stage/EntryTypeRegistryImpl/"
[17:01:11] [main/TRACE] [REI] [REIPlugin END] Reloading Section: "post-stage/EntryTypeRegistryImpl/" done in 5.450 μs
[17:01:11] [main/TRACE] [REI] [REIPlugin END] Reloading Section: "post-stage/EntrySettingsAdapterRegistryImpl/"
[17:01:11] [main/TRACE] [REI] [REIPlugin END] Reloading Section: "post-stage/EntrySettingsAdapterRegistryImpl/" done in 6.963 μs
[17:01:11] [main/TRACE] [REI] [REIPlugin END] Reloading Section: "post-stage/RecipeManagerContextImpl/"
[17:01:11] [main/TRACE] [REI] [REIPlugin END] Reloading Section: "post-stage/RecipeManagerContextImpl/" done in 15.16 μs
[17:01:11] [main/TRACE] [REI] [REIPlugin END] Reloading Section: "post-stage/ItemComparatorRegistryImpl/"
[17:01:11] [main/TRACE] [REI] [REIPlugin END] Reloading Section: "post-stage/ItemComparatorRegistryImpl/" done in 4.629 μs
[17:01:11] [main/TRACE] [REI] [REIPlugin END] Reloading Section: "post-stage/FluidComparatorRegistryImpl/"
[17:01:11] [main/TRACE] [REI] [REIPlugin END] Reloading Section: "post-stage/FluidComparatorRegistryImpl/" done in 29.67 μs
[17:01:11] [main/TRACE] [REI] [REIPlugin END] Reloading Section: "post-stage/DisplaySerializerRegistryImpl/"
[17:01:11] [main/TRACE] [REI] [REIPlugin END] Reloading Section: "post-stage/DisplaySerializerRegistryImpl/" done in 8.947 μs
[17:01:11] [main/TRACE] [REI] [REIPlugin END] Reloading Section: "post-stage/FluidSupportProviderImpl/"
[17:01:11] [main/TRACE] [REI] [REIPlugin END] Reloading Section: "post-stage/FluidSupportProviderImpl/" done in 5.120 μs
[17:01:11] [main/TRACE] [REI] [REIPlugin END] Reloading Section: "post-stage/" done in 757.7 μs
[17:01:11] [main/DEBUG] [REI] ========================================
[17:01:11] [main/INFO] [REI] REIPlugin finished post-reload for END in 1.250 ms, totaling 29.40 ms.
[17:01:11] [main/DEBUG] [REI] ========================================
[17:01:11] [main/DEBUG] [REI] ========================================
[17:01:11] [main/DEBUG] [REI] REIServerPlugin starting post-reload for END.
[17:01:11] [main/DEBUG] [REI] Reloadables (2):
[17:01:11] [main/DEBUG] [REI]  - MenuInfoRegistryImpl
[17:01:11] [main/DEBUG] [REI]  - SlotAccessorRegistryImpl
[17:01:11] [main/DEBUG] [REI] Plugins (3):
[17:01:11] [main/DEBUG] [REI]  - (-100.00) DefaultPlugin of DefaultPlugin [roughlyenoughitems]
[17:01:11] [main/DEBUG] [REI]  - (0.00) FabricFluidAPISupportPlugin
[17:01:11] [main/DEBUG] [REI]  - (0.00) DefaultRuntimePlugin of DefaultRuntimePlugin [roughlyenoughitems]
[17:01:11] [main/DEBUG] [REI] ========================================
[17:01:11] [main/TRACE] [REI] [REIServerPlugin END] Reloading Section: "post-register/"
[17:01:11] [main/TRACE] [REI] [REIServerPlugin END] Reloading Section: "post-register/DefaultPlugin of DefaultPlugin [roughlyenoughitems]/"
[17:01:11] [main/TRACE] [REI] [REIServerPlugin END] Reloading Section: "post-register/DefaultPlugin of DefaultPlugin [roughlyenoughitems]/" done in 8.867 μs
[17:01:11] [main/TRACE] [REI] [REIServerPlugin END] Reloading Section: "post-register/FabricFluidAPISupportPlugin/"
[17:01:11] [main/TRACE] [REI] [REIServerPlugin END] Reloading Section: "post-register/FabricFluidAPISupportPlugin/" done in 7.133 μs
[17:01:11] [main/TRACE] [REI] [REIServerPlugin END] Reloading Section: "post-register/DefaultRuntimePlugin of DefaultRuntimePlugin [roughlyenoughitems]/"
[17:01:11] [main/TRACE] [REI] [REIServerPlugin END] Reloading Section: "post-register/DefaultRuntimePlugin of DefaultRuntimePlugin [roughlyenoughitems]/" done in 7.123 μs
[17:01:11] [main/TRACE] [REI] [REIServerPlugin END] Reloading Section: "post-register/" done in 330.3 μs
[17:01:11] [main/TRACE] [REI] [REIServerPlugin END] Reloading Section: "post-stage/"
[17:01:11] [main/TRACE] [REI] [REIServerPlugin END] Reloading Section: "post-stage/MenuInfoRegistryImpl/"
[17:01:11] [main/TRACE] [REI] [REIServerPlugin END] Reloading Section: "post-stage/MenuInfoRegistryImpl/" done in 5.570 μs
[17:01:11] [main/TRACE] [REI] [REIServerPlugin END] Reloading Section: "post-stage/SlotAccessorRegistryImpl/"
[17:01:11] [main/TRACE] [REI] [REIServerPlugin END] Reloading Section: "post-stage/SlotAccessorRegistryImpl/" done in 5.851 μs
[17:01:11] [main/TRACE] [REI] [REIServerPlugin END] Reloading Section: "post-stage/" done in 185.1 μs
[17:01:11] [main/DEBUG] [REI] ========================================
[17:01:11] [main/INFO] [REI] REIServerPlugin finished post-reload for END in 703.6 μs, totaling 13.73 ms.
[17:01:11] [main/DEBUG] [REI] ========================================
